Apr 08 17:25:20 ::1 (pid 95015) :Pri:ERREUR: Table 'iste.spip_forum' doesn't exist - SHOW CREATE TABLE `spip_forum`
Apr 08 17:25:20 ::1 (pid 95015) :Pri:ERREUR: Table 'iste.spip_mots' doesn't exist - SHOW CREATE TABLE `spip_mots`
Apr 08 17:25:20 ::1 (pid 95015) :Pri:ERREUR: Table 'iste.spip_groupes_mots' doesn't exist - SHOW CREATE TABLE `spip_groupes_mots`
Apr 08 17:25:20 ::1 (pid 95015) :Pri:ERREUR: Table 'iste.spip_messages' doesn't exist - SHOW CREATE TABLE `spip_messages`
Apr 08 17:25:20 ::1 (pid 95015) :Pri:ERREUR: Table 'iste.spip_petitions' doesn't exist - SHOW CREATE TABLE `spip_petitions`
Apr 08 17:25:20 ::1 (pid 95015) :Pri:ERREUR: Table 'iste.spip_signatures' doesn't exist - SHOW CREATE TABLE `spip_signatures`
Apr 08 17:25:20 ::1 (pid 95015) :Pri:ERREUR: Table 'iste.spip_syndic' doesn't exist - SHOW CREATE TABLE `spip_syndic`
Apr 08 17:25:20 ::1 (pid 95015) :Pri:ERREUR: Table 'iste.spip_syndic_articles' doesn't exist - SHOW CREATE TABLE `spip_syndic_articles`
Apr 08 17:25:20 ::1 (pid 95015) :Pri:ERREUR: Table 'iste.spip_depots' doesn't exist - SHOW CREATE TABLE `spip_depots`
Apr 08 17:25:20 ::1 (pid 95015) :Pri:ERREUR: Table 'iste.spip_plugins' doesn't exist - SHOW CREATE TABLE `spip_plugins`
Apr 08 17:25:20 ::1 (pid 95015) :Pri:ERREUR: Table 'iste.spip_paquets' doesn't exist - SHOW CREATE TABLE `spip_paquets`
Apr 08 17:25:20 ::1 (pid 95015) :Pri:ERREUR: Table 'iste.spip_breves' doesn't exist - SHOW CREATE TABLE `spip_breves`
Apr 08 17:25:20 ::1 (pid 95015) :Pri:ERREUR: Table 'iste.spip_documents' doesn't exist - SHOW CREATE TABLE `spip_documents`
Apr 08 17:25:20 ::1 (pid 95015) :Pri:ERREUR: Table 'iste.spip_forum' doesn't exist - SHOW CREATE TABLE `spip_forum`
Apr 08 17:25:20 ::1 (pid 95015) :Pri:ERREUR: Table 'iste.spip_mots' doesn't exist - SHOW CREATE TABLE `spip_mots`
Apr 08 17:25:20 ::1 (pid 95015) :Pri:ERREUR: Table 'iste.spip_groupes_mots' doesn't exist - SHOW CREATE TABLE `spip_groupes_mots`
Apr 08 17:25:20 ::1 (pid 95015) :Pri:ERREUR: Table 'iste.spip_messages' doesn't exist - SHOW CREATE TABLE `spip_messages`
Apr 08 17:25:20 ::1 (pid 95015) :Pri:ERREUR: Table 'iste.spip_petitions' doesn't exist - SHOW CREATE TABLE `spip_petitions`
Apr 08 17:25:20 ::1 (pid 95015) :Pri:ERREUR: Table 'iste.spip_signatures' doesn't exist - SHOW CREATE TABLE `spip_signatures`
Apr 08 17:25:20 ::1 (pid 95015) :Pri:ERREUR: Table 'iste.spip_syndic' doesn't exist - SHOW CREATE TABLE `spip_syndic`
Apr 08 17:25:20 ::1 (pid 95015) :Pri:ERREUR: Table 'iste.spip_syndic_articles' doesn't exist - SHOW CREATE TABLE `spip_syndic_articles`
Apr 08 17:25:20 ::1 (pid 95015) :Pri:ERREUR: Table 'iste.spip_depots' doesn't exist - SHOW CREATE TABLE `spip_depots`
Apr 08 17:25:20 ::1 (pid 95015) :Pri:ERREUR: Table 'iste.spip_plugins' doesn't exist - SHOW CREATE TABLE `spip_plugins`
Apr 08 17:25:20 ::1 (pid 95015) :Pri:ERREUR: Table 'iste.spip_paquets' doesn't exist - SHOW CREATE TABLE `spip_paquets`
Apr 08 17:25:20 ::1 (pid 95015) :Pri:ERREUR: Table 'iste.spip_breves' doesn't exist - SHOW CREATE TABLE `spip_breves`
Apr 08 17:25:20 ::1 (pid 95015) :Pri:ERREUR: Table 'iste.spip_documents' doesn't exist - SHOW CREATE TABLE `spip_documents`
Apr 08 17:25:20 ::1 (pid 95015) :Pri:ERREUR: Table 'iste.spip_forum' doesn't exist - SHOW CREATE TABLE `spip_forum`
Apr 08 17:25:20 ::1 (pid 95015) :Pri:ERREUR: Table 'iste.spip_forum' doesn't exist - SHOW CREATE TABLE `spip_forum`
Apr 08 17:25:20 ::1 (pid 95015) :Pri:ERREUR: Table 'iste.spip_mots' doesn't exist - SHOW CREATE TABLE `spip_mots`
Apr 08 17:25:20 ::1 (pid 95015) :Pri:ERREUR: Table 'iste.spip_groupes_mots' doesn't exist - SHOW CREATE TABLE `spip_groupes_mots`
Apr 08 17:25:20 ::1 (pid 95015) :Pri:ERREUR: Table 'iste.spip_messages' doesn't exist - SHOW CREATE TABLE `spip_messages`
Apr 08 17:25:20 ::1 (pid 95015) :Pri:ERREUR: Table 'iste.spip_petitions' doesn't exist - SHOW CREATE TABLE `spip_petitions`
Apr 08 17:25:20 ::1 (pid 95015) :Pri:ERREUR: Table 'iste.spip_signatures' doesn't exist - SHOW CREATE TABLE `spip_signatures`
Apr 08 17:25:20 ::1 (pid 95015) :Pri:ERREUR: Table 'iste.spip_syndic' doesn't exist - SHOW CREATE TABLE `spip_syndic`
Apr 08 17:25:20 ::1 (pid 95015) :Pri:ERREUR: Table 'iste.spip_syndic_articles' doesn't exist - SHOW CREATE TABLE `spip_syndic_articles`
Apr 08 17:25:20 ::1 (pid 95015) :Pri:ERREUR: Table 'iste.spip_depots' doesn't exist - SHOW CREATE TABLE `spip_depots`
Apr 08 17:25:20 ::1 (pid 95015) :Pri:ERREUR: Table 'iste.spip_plugins' doesn't exist - SHOW CREATE TABLE `spip_plugins`
Apr 08 17:25:20 ::1 (pid 95015) :Pri:ERREUR: Table 'iste.spip_paquets' doesn't exist - SHOW CREATE TABLE `spip_paquets`
Apr 08 17:25:20 ::1 (pid 95015) :Pri:ERREUR: Table 'iste.spip_breves' doesn't exist - SHOW CREATE TABLE `spip_breves`
Apr 08 17:25:20 ::1 (pid 95015) :Pri:ERREUR: Table 'iste.spip_documents' doesn't exist - SHOW CREATE TABLE `spip_documents`
Apr 08 17:25:20 ::1 (pid 95015) :Pri:ERREUR: Table 'iste.spip_mots' doesn't exist - SHOW CREATE TABLE `spip_mots`
Apr 08 17:25:20 ::1 (pid 95015) :Pri:ERREUR: Table 'iste.spip_mots' doesn't exist - SHOW CREATE TABLE `spip_mots`
Apr 08 17:25:20 ::1 (pid 95015) :Pri:ERREUR: Table 'iste.spip_groupes_mots' doesn't exist - SHOW CREATE TABLE `spip_groupes_mots`
Apr 08 17:25:20 ::1 (pid 95015) :Pri:ERREUR: Table 'iste.spip_mots_liens' doesn't exist - SHOW CREATE TABLE `spip_mots_liens`
Apr 08 17:25:20 ::1 (pid 95015) :Pri:ERREUR: Table 'iste.spip_messages' doesn't exist - SHOW CREATE TABLE `spip_messages`
Apr 08 17:25:20 ::1 (pid 95015) :Pri:ERREUR: Table 'iste.spip_petitions' doesn't exist - SHOW CREATE TABLE `spip_petitions`
Apr 08 17:25:20 ::1 (pid 95015) :Pri:ERREUR: Table 'iste.spip_signatures' doesn't exist - SHOW CREATE TABLE `spip_signatures`
Apr 08 17:25:20 ::1 (pid 95015) :Pri:ERREUR: Table 'iste.spip_syndic' doesn't exist - SHOW CREATE TABLE `spip_syndic`
Apr 08 17:25:20 ::1 (pid 95015) :Pri:ERREUR: Table 'iste.spip_syndic_articles' doesn't exist - SHOW CREATE TABLE `spip_syndic_articles`
Apr 08 17:25:20 ::1 (pid 95015) :Pri:ERREUR: Table 'iste.spip_depots' doesn't exist - SHOW CREATE TABLE `spip_depots`
Apr 08 17:25:20 ::1 (pid 95015) :Pri:ERREUR: Table 'iste.spip_plugins' doesn't exist - SHOW CREATE TABLE `spip_plugins`
Apr 08 17:25:20 ::1 (pid 95015) :Pri:ERREUR: Table 'iste.spip_paquets' doesn't exist - SHOW CREATE TABLE `spip_paquets`
Apr 08 17:25:20 ::1 (pid 95015) :Pri:ERREUR: Table 'iste.spip_breves' doesn't exist - SHOW CREATE TABLE `spip_breves`
Apr 08 17:25:20 ::1 (pid 95015) :Pri:ERREUR: Table 'iste.spip_documents' doesn't exist - SHOW CREATE TABLE `spip_documents`
Apr 08 17:25:20 ::1 (pid 95015) :Pri:ERREUR: Table 'iste.spip_messages' doesn't exist - SHOW CREATE TABLE `spip_messages`
Apr 08 17:25:20 ::1 (pid 95015) :Pri:ERREUR: Table 'iste.spip_messages' doesn't exist - SHOW CREATE TABLE `spip_messages`
Apr 08 17:25:20 ::1 (pid 95015) :Pri:ERREUR: Table 'iste.spip_petitions' doesn't exist - SHOW CREATE TABLE `spip_petitions`
Apr 08 17:25:20 ::1 (pid 95015) :Pri:ERREUR: Table 'iste.spip_signatures' doesn't exist - SHOW CREATE TABLE `spip_signatures`
Apr 08 17:25:20 ::1 (pid 95015) :Pri:ERREUR: Table 'iste.spip_syndic' doesn't exist - SHOW CREATE TABLE `spip_syndic`
Apr 08 17:25:20 ::1 (pid 95015) :Pri:ERREUR: Table 'iste.spip_syndic_articles' doesn't exist - SHOW CREATE TABLE `spip_syndic_articles`
Apr 08 17:25:20 ::1 (pid 95015) :Pri:ERREUR: Table 'iste.spip_depots' doesn't exist - SHOW CREATE TABLE `spip_depots`
Apr 08 17:25:20 ::1 (pid 95015) :Pri:ERREUR: Table 'iste.spip_plugins' doesn't exist - SHOW CREATE TABLE `spip_plugins`
Apr 08 17:25:20 ::1 (pid 95015) :Pri:ERREUR: Table 'iste.spip_paquets' doesn't exist - SHOW CREATE TABLE `spip_paquets`
Apr 08 17:25:20 ::1 (pid 95015) :Pri:ERREUR: Table 'iste.spip_breves' doesn't exist - SHOW CREATE TABLE `spip_breves`
Apr 08 17:25:20 ::1 (pid 95015) :Pri:ERREUR: Table 'iste.spip_documents' doesn't exist - SHOW CREATE TABLE `spip_documents`
Apr 08 17:25:20 ::1 (pid 95015) :Pri:ERREUR: Table 'iste.spip_signatures' doesn't exist - SHOW CREATE TABLE `spip_signatures`
Apr 08 17:25:20 ::1 (pid 95015) :Pri:ERREUR: Table 'iste.spip_petitions' doesn't exist - SHOW CREATE TABLE `spip_petitions`
Apr 08 17:25:20 ::1 (pid 95015) :Pri:ERREUR: Table 'iste.spip_signatures' doesn't exist - SHOW CREATE TABLE `spip_signatures`
Apr 08 17:25:20 ::1 (pid 95015) :Pri:ERREUR: Table 'iste.spip_syndic' doesn't exist - SHOW CREATE TABLE `spip_syndic`
Apr 08 17:25:20 ::1 (pid 95015) :Pri:ERREUR: Table 'iste.spip_syndic_articles' doesn't exist - SHOW CREATE TABLE `spip_syndic_articles`
Apr 08 17:25:20 ::1 (pid 95015) :Pri:ERREUR: Table 'iste.spip_depots' doesn't exist - SHOW CREATE TABLE `spip_depots`
Apr 08 17:25:20 ::1 (pid 95015) :Pri:ERREUR: Table 'iste.spip_plugins' doesn't exist - SHOW CREATE TABLE `spip_plugins`
Apr 08 17:25:20 ::1 (pid 95015) :Pri:ERREUR: Table 'iste.spip_paquets' doesn't exist - SHOW CREATE TABLE `spip_paquets`
Apr 08 17:25:20 ::1 (pid 95015) :Pri:ERREUR: Table 'iste.spip_breves' doesn't exist - SHOW CREATE TABLE `spip_breves`
Apr 08 17:25:20 ::1 (pid 95015) :Pri:ERREUR: Table 'iste.spip_documents' doesn't exist - SHOW CREATE TABLE `spip_documents`
Apr 08 17:25:20 ::1 (pid 95015) :Pri:ERREUR: Table 'iste.spip_versions' doesn't exist - SHOW CREATE TABLE `spip_versions`
Apr 08 17:25:20 ::1 (pid 95015) :Pri:ERREUR: Table 'iste.spip_versions' doesn't exist - SHOW CREATE TABLE `spip_versions`
Apr 08 17:25:20 ::1 (pid 95015) :Pri:ERREUR: Table 'iste.spip_versions_fragments' doesn't exist - SHOW CREATE TABLE `spip_versions_fragments`
Apr 08 17:25:20 ::1 (pid 95015) :Pri:ERREUR: Table 'iste.spip_syndic' doesn't exist - SHOW CREATE TABLE `spip_syndic`
Apr 08 17:25:20 ::1 (pid 95015) :Pri:ERREUR: Table 'iste.spip_syndic_articles' doesn't exist - SHOW CREATE TABLE `spip_syndic_articles`
Apr 08 17:25:20 ::1 (pid 95015) :Pri:ERREUR: Table 'iste.spip_depots' doesn't exist - SHOW CREATE TABLE `spip_depots`
Apr 08 17:25:20 ::1 (pid 95015) :Pri:ERREUR: Table 'iste.spip_plugins' doesn't exist - SHOW CREATE TABLE `spip_plugins`
Apr 08 17:25:20 ::1 (pid 95015) :Pri:ERREUR: Table 'iste.spip_paquets' doesn't exist - SHOW CREATE TABLE `spip_paquets`
Apr 08 17:25:20 ::1 (pid 95015) :Pri:ERREUR: Table 'iste.spip_breves' doesn't exist - SHOW CREATE TABLE `spip_breves`
Apr 08 17:25:20 ::1 (pid 95015) :Pri:ERREUR: Table 'iste.spip_documents' doesn't exist - SHOW CREATE TABLE `spip_documents`
Apr 08 17:25:20 ::1 (pid 95015) :Pri:ERREUR: Table 'iste.spip_syndic' doesn't exist - SHOW CREATE TABLE `spip_syndic`
Apr 08 17:25:20 ::1 (pid 95015) :Pri:ERREUR: Table 'iste.spip_syndic_articles' doesn't exist - SHOW CREATE TABLE `spip_syndic_articles`
Apr 08 17:25:20 ::1 (pid 95015) :Pri:ERREUR: Table 'iste.spip_depots' doesn't exist - SHOW CREATE TABLE `spip_depots`
Apr 08 17:25:20 ::1 (pid 95015) :Pri:ERREUR: Table 'iste.spip_plugins' doesn't exist - SHOW CREATE TABLE `spip_plugins`
Apr 08 17:25:20 ::1 (pid 95015) :Pri:ERREUR: Table 'iste.spip_paquets' doesn't exist - SHOW CREATE TABLE `spip_paquets`
Apr 08 17:25:20 ::1 (pid 95015) :Pri:ERREUR: Table 'iste.spip_breves' doesn't exist - SHOW CREATE TABLE `spip_breves`
Apr 08 17:25:20 ::1 (pid 95015) :Pri:ERREUR: Table 'iste.spip_documents' doesn't exist - SHOW CREATE TABLE `spip_documents`
Apr 08 17:25:20 ::1 (pid 95015) :Pri:ERREUR: Table 'iste.spip_syndic' doesn't exist - SHOW CREATE TABLE `spip_syndic`
Apr 08 17:25:20 ::1 (pid 95015) :Pri:ERREUR: Table 'iste.spip_syndic' doesn't exist - SHOW CREATE TABLE `spip_syndic`
Apr 08 17:25:20 ::1 (pid 95015) :Pri:ERREUR: Table 'iste.spip_syndic_articles' doesn't exist - SHOW CREATE TABLE `spip_syndic_articles`
Apr 08 17:25:20 ::1 (pid 95015) :Pri:ERREUR: Table 'iste.spip_depots' doesn't exist - SHOW CREATE TABLE `spip_depots`
Apr 08 17:25:20 ::1 (pid 95015) :Pri:ERREUR: Table 'iste.spip_plugins' doesn't exist - SHOW CREATE TABLE `spip_plugins`
Apr 08 17:25:20 ::1 (pid 95015) :Pri:ERREUR: Table 'iste.spip_paquets' doesn't exist - SHOW CREATE TABLE `spip_paquets`
Apr 08 17:25:20 ::1 (pid 95015) :Pri:ERREUR: Table 'iste.spip_breves' doesn't exist - SHOW CREATE TABLE `spip_breves`
Apr 08 17:25:20 ::1 (pid 95015) :Pri:ERREUR: Table 'iste.spip_documents' doesn't exist - SHOW CREATE TABLE `spip_documents`
Apr 08 17:25:20 ::1 (pid 95015) :Pri:ERREUR: Table 'iste.spip_visites' doesn't exist - SHOW CREATE TABLE `spip_visites`
Apr 08 17:25:20 ::1 (pid 95015) :Pri:ERREUR: Table 'iste.spip_visites' doesn't exist - SHOW CREATE TABLE `spip_visites`
Apr 08 17:25:20 ::1 (pid 95015) :Pri:ERREUR: Table 'iste.spip_visites_articles' doesn't exist - SHOW CREATE TABLE `spip_visites_articles`
Apr 08 17:25:20 ::1 (pid 95015) :Pri:ERREUR: Table 'iste.spip_referers' doesn't exist - SHOW CREATE TABLE `spip_referers`
Apr 08 17:25:20 ::1 (pid 95015) :Pri:ERREUR: Table 'iste.spip_referers_articles' doesn't exist - SHOW CREATE TABLE `spip_referers_articles`
Apr 08 17:25:20 ::1 (pid 95015) :Pri:ERREUR: Table 'iste.spip_depots' doesn't exist - SHOW CREATE TABLE `spip_depots`
Apr 08 17:25:20 ::1 (pid 95015) :Pri:ERREUR: Table 'iste.spip_plugins' doesn't exist - SHOW CREATE TABLE `spip_plugins`
Apr 08 17:25:20 ::1 (pid 95015) :Pri:ERREUR: Table 'iste.spip_paquets' doesn't exist - SHOW CREATE TABLE `spip_paquets`
Apr 08 17:25:20 ::1 (pid 95015) :Pri:ERREUR: Table 'iste.spip_breves' doesn't exist - SHOW CREATE TABLE `spip_breves`
Apr 08 17:25:20 ::1 (pid 95015) :Pri:ERREUR: Table 'iste.spip_documents' doesn't exist - SHOW CREATE TABLE `spip_documents`
Apr 08 17:25:20 ::1 (pid 95015) :Pri:ERREUR: Table 'iste.spip_depots' doesn't exist - SHOW CREATE TABLE `spip_depots`
Apr 08 17:25:20 ::1 (pid 95015) :Pri:ERREUR: Table 'iste.spip_plugins' doesn't exist - SHOW CREATE TABLE `spip_plugins`
Apr 08 17:25:20 ::1 (pid 95015) :Pri:ERREUR: Table 'iste.spip_paquets' doesn't exist - SHOW CREATE TABLE `spip_paquets`
Apr 08 17:25:20 ::1 (pid 95015) :Pri:ERREUR: Table 'iste.spip_depots_plugins' doesn't exist - SHOW CREATE TABLE `spip_depots_plugins`
