Apr 08 17:24:41 ::1 (pid 95000) :Pri:ERREUR: fonction execute_pipeline_declarer_tables_principales absente : pipeline desactive
Apr 08 17:24:41 ::1 (pid 95000) :Pri:ERREUR: fonction execute_pipeline_declarer_tables_auxiliaires absente : pipeline desactive
Apr 08 17:24:41 ::1 (pid 95000) :Pri:ERREUR: fonction execute_pipeline_declarer_tables_objets_sql absente : pipeline desactive
Apr 08 17:24:41 ::1 (pid 95000) :Pri:ERREUR: fonction execute_pipeline_declarer_tables_interfaces absente : pipeline desactive
Apr 08 17:24:41 ::1 (pid 95000) :Pri:ERREUR: fonction execute_pipeline_declarer_type_surnoms absente : pipeline desactive
Apr 08 17:24:41 ::1 (pid 95000) :Pri:ERREUR: fonction execute_pipeline_declarer_tables_principales absente : pipeline desactive
Apr 08 17:24:41 ::1 (pid 95000) :Pri:ERREUR: fonction execute_pipeline_declarer_tables_auxiliaires absente : pipeline desactive
Apr 08 17:24:41 ::1 (pid 95000) :Pri:ERREUR: fonction execute_pipeline_declarer_tables_objets_sql absente : pipeline desactive
Apr 08 17:24:41 ::1 (pid 95000) :Pri:ERREUR: fonction execute_pipeline_declarer_tables_interfaces absente : pipeline desactive
Apr 08 17:24:41 ::1 (pid 95000) :Pri:ERREUR: fonction execute_pipeline_declarer_type_surnoms absente : pipeline desactive
Apr 08 17:24:41 ::1 (pid 95000) :Pri:ERREUR: fonction execute_pipeline_pre_typo absente : pipeline desactive
Apr 08 17:24:41 ::1 (pid 95000) :Pri:ERREUR: fonction execute_pipeline_post_typo absente : pipeline desactive
Apr 08 17:24:41 ::1 (pid 95000) :Pri:ERREUR: fonction execute_pipeline_pre_typo absente : pipeline desactive
Apr 08 17:24:41 ::1 (pid 95000) :Pri:ERREUR: fonction execute_pipeline_post_typo absente : pipeline desactive
Apr 08 17:24:41 ::1 (pid 95000) :Pri:ERREUR: fonction execute_pipeline_pre_typo absente : pipeline desactive
Apr 08 17:24:41 ::1 (pid 95000) :Pri:ERREUR: fonction execute_pipeline_post_typo absente : pipeline desactive
Apr 08 17:24:41 ::1 (pid 95000) :Pri:ERREUR: fonction execute_pipeline_pre_typo absente : pipeline desactive
Apr 08 17:24:41 ::1 (pid 95000) :Pri:ERREUR: fonction execute_pipeline_post_typo absente : pipeline desactive
Apr 08 17:24:41 ::1 (pid 95000) :Pri:ERREUR: fonction execute_pipeline_pre_typo absente : pipeline desactive
Apr 08 17:24:41 ::1 (pid 95000) :Pri:ERREUR: fonction execute_pipeline_post_typo absente : pipeline desactive
Apr 08 17:24:41 ::1 (pid 95000) :Pri:ERREUR: fonction execute_pipeline_pre_typo absente : pipeline desactive
Apr 08 17:24:41 ::1 (pid 95000) :Pri:ERREUR: fonction execute_pipeline_post_typo absente : pipeline desactive
Apr 08 17:24:41 ::1 (pid 95000) :Pri:ERREUR: fonction execute_pipeline_pre_typo absente : pipeline desactive
Apr 08 17:24:41 ::1 (pid 95000) :Pri:ERREUR: fonction execute_pipeline_post_typo absente : pipeline desactive
Apr 08 17:24:41 ::1 (pid 95000) :Pri:ERREUR: fonction execute_pipeline_pre_typo absente : pipeline desactive
Apr 08 17:24:41 ::1 (pid 95000) :Pri:ERREUR: fonction execute_pipeline_post_typo absente : pipeline desactive
Apr 08 17:24:41 ::1 (pid 95000) :Pri:ERREUR: fonction execute_pipeline_pre_typo absente : pipeline desactive
Apr 08 17:24:41 ::1 (pid 95000) :Pri:ERREUR: fonction execute_pipeline_post_typo absente : pipeline desactive
Apr 08 17:24:52 ::1 (pid 85253) :Pri:ERREUR: fonction execute_pipeline_declarer_tables_principales absente : pipeline desactive
Apr 08 17:24:52 ::1 (pid 85253) :Pri:ERREUR: fonction execute_pipeline_declarer_tables_auxiliaires absente : pipeline desactive
Apr 08 17:24:52 ::1 (pid 85253) :Pri:ERREUR: fonction execute_pipeline_declarer_tables_objets_sql absente : pipeline desactive
Apr 08 17:24:52 ::1 (pid 85253) :Pri:ERREUR: fonction execute_pipeline_declarer_tables_interfaces absente : pipeline desactive
Apr 08 17:24:52 ::1 (pid 85253) :Pri:ERREUR: fonction execute_pipeline_declarer_type_surnoms absente : pipeline desactive
Apr 08 17:24:52 ::1 (pid 85253) :Pri:ERREUR: fonction execute_pipeline_pre_typo absente : pipeline desactive
Apr 08 17:24:52 ::1 (pid 85253) :Pri:ERREUR: fonction execute_pipeline_post_typo absente : pipeline desactive
Apr 08 17:24:52 ::1 (pid 85253) :Pri:ERREUR: fonction execute_pipeline_pre_typo absente : pipeline desactive
Apr 08 17:24:52 ::1 (pid 85253) :Pri:ERREUR: fonction execute_pipeline_post_typo absente : pipeline desactive
Apr 08 17:24:52 ::1 (pid 85253) :Pri:ERREUR: fonction execute_pipeline_pre_typo absente : pipeline desactive
Apr 08 17:24:52 ::1 (pid 85253) :Pri:ERREUR: fonction execute_pipeline_post_typo absente : pipeline desactive
Apr 08 17:24:52 ::1 (pid 85253) :Pri:ERREUR: fonction execute_pipeline_pre_typo absente : pipeline desactive
Apr 08 17:24:52 ::1 (pid 85253) :Pri:ERREUR: fonction execute_pipeline_post_typo absente : pipeline desactive
Apr 08 17:24:52 ::1 (pid 85253) :Pri:ERREUR: fonction execute_pipeline_pre_typo absente : pipeline desactive
Apr 08 17:24:52 ::1 (pid 85253) :Pri:ERREUR: fonction execute_pipeline_post_typo absente : pipeline desactive
Apr 08 17:24:52 ::1 (pid 85253) :Pri:ERREUR: fonction execute_pipeline_pre_typo absente : pipeline desactive
Apr 08 17:24:52 ::1 (pid 85253) :Pri:ERREUR: fonction execute_pipeline_post_typo absente : pipeline desactive
Apr 08 17:24:52 ::1 (pid 85253) :Pri:ERREUR: fonction execute_pipeline_pre_typo absente : pipeline desactive
Apr 08 17:24:52 ::1 (pid 85253) :Pri:ERREUR: fonction execute_pipeline_post_typo absente : pipeline desactive
Apr 08 17:24:52 ::1 (pid 85253) :Pri:ERREUR: fonction execute_pipeline_pre_typo absente : pipeline desactive
Apr 08 17:24:52 ::1 (pid 85253) :Pri:ERREUR: fonction execute_pipeline_post_typo absente : pipeline desactive
Apr 08 17:24:52 ::1 (pid 85253) :Pri:ERREUR: fonction execute_pipeline_pre_typo absente : pipeline desactive
Apr 08 17:24:52 ::1 (pid 85253) :Pri:ERREUR: fonction execute_pipeline_post_typo absente : pipeline desactive
Apr 08 17:25:03 ::1 (pid 17185) :Pri:ERREUR: fonction execute_pipeline_declarer_tables_principales absente : pipeline desactive
Apr 08 17:25:03 ::1 (pid 17185) :Pri:ERREUR: fonction execute_pipeline_declarer_tables_auxiliaires absente : pipeline desactive
Apr 08 17:25:03 ::1 (pid 17185) :Pri:ERREUR: fonction execute_pipeline_declarer_tables_objets_sql absente : pipeline desactive
Apr 08 17:25:03 ::1 (pid 17185) :Pri:ERREUR: fonction execute_pipeline_declarer_tables_interfaces absente : pipeline desactive
Apr 08 17:25:03 ::1 (pid 17185) :Pri:ERREUR: fonction execute_pipeline_declarer_type_surnoms absente : pipeline desactive
Apr 08 17:25:03 ::1 (pid 17185) :Pri:ERREUR: fonction execute_pipeline_pre_typo absente : pipeline desactive
Apr 08 17:25:03 ::1 (pid 17185) :Pri:ERREUR: fonction execute_pipeline_post_typo absente : pipeline desactive
Apr 08 17:25:03 ::1 (pid 17185) :Pri:ERREUR: fonction execute_pipeline_pre_typo absente : pipeline desactive
Apr 08 17:25:03 ::1 (pid 17185) :Pri:ERREUR: fonction execute_pipeline_post_typo absente : pipeline desactive
Apr 08 17:25:03 ::1 (pid 17185) :Pri:ERREUR: fonction execute_pipeline_pre_typo absente : pipeline desactive
Apr 08 17:25:03 ::1 (pid 17185) :Pri:ERREUR: fonction execute_pipeline_post_typo absente : pipeline desactive
Apr 08 17:25:03 ::1 (pid 17185) :Pri:ERREUR: fonction execute_pipeline_pre_typo absente : pipeline desactive
Apr 08 17:25:03 ::1 (pid 17185) :Pri:ERREUR: fonction execute_pipeline_post_typo absente : pipeline desactive
Apr 08 17:25:03 ::1 (pid 17185) :Pri:ERREUR: fonction execute_pipeline_pre_typo absente : pipeline desactive
Apr 08 17:25:03 ::1 (pid 17185) :Pri:ERREUR: fonction execute_pipeline_post_typo absente : pipeline desactive
Apr 08 17:25:03 ::1 (pid 17185) :Pri:ERREUR: fonction execute_pipeline_pre_typo absente : pipeline desactive
Apr 08 17:25:03 ::1 (pid 17185) :Pri:ERREUR: fonction execute_pipeline_post_typo absente : pipeline desactive
Apr 08 17:25:03 ::1 (pid 17185) :Pri:ERREUR: fonction execute_pipeline_pre_typo absente : pipeline desactive
Apr 08 17:25:03 ::1 (pid 17185) :Pri:ERREUR: fonction execute_pipeline_post_typo absente : pipeline desactive
Apr 08 17:25:03 ::1 (pid 17185) :Pri:ERREUR: fonction execute_pipeline_pre_typo absente : pipeline desactive
Apr 08 17:25:03 ::1 (pid 17185) :Pri:ERREUR: fonction execute_pipeline_post_typo absente : pipeline desactive
Apr 08 17:25:03 ::1 (pid 17185) :Pri:ERREUR: fonction execute_pipeline_pre_typo absente : pipeline desactive
Apr 08 17:25:03 ::1 (pid 17185) :Pri:ERREUR: fonction execute_pipeline_post_typo absente : pipeline desactive
Apr 08 17:25:19 ::1 (pid 95015) :Pri:ERREUR: fonction execute_pipeline_taches_generales_cron absente : pipeline desactive
Apr 08 17:25:19 ::1 (pid 95015) :Pri:CRITIQUE: Re-entrance anormale sur lister_tables_objets_sql :array (
  0 => 
  array (
    'file' => '/Applications/XAMPP/xamppfiles/htdocs/iste/ecrire/base/trouver_table.php',
    'line' => 73,
    'function' => 'lister_tables_objets_sql',
    'args' => 
    array (
      0 => '::md5',
    ),
  ),
  1 => 
  array (
    'file' => '/Applications/XAMPP/xamppfiles/htdocs/iste/ecrire/base/abstract_sql.php',
    'line' => 1289,
    'function' => 'base_trouver_table_dist',
    'args' => 
    array (
      0 => 'spip_meta',
      1 => '',
    ),
  ),
  2 => 
  array (
    'file' => '/Applications/XAMPP/xamppfiles/htdocs/iste/ecrire/req/mysql.php',
    'line' => 877,
    'function' => 'description_table',
    'args' => 
    array (
      0 => 'spip_meta',
      1 => '',
    ),
  ),
  3 => 
  array (
    'file' => '/Applications/XAMPP/xamppfiles/htdocs/iste/ecrire/base/abstract_sql.php',
    'line' => 494,
    'function' => 'spip_mysql_insertq',
    'args' => 
    array (
      0 => 'spip_meta',
      1 => 
      array (
        'nom' => 'langues_proposees',
        'valeur' => 'ar,ast,ay,bg,br,bs,ca,co,cpf,cpf_hat,cs,da,de,en,eo,es,eu,fa,fon,fr,fr_fem,gl,he,hu,id,it,it_fem,ja,km,lb,my,nl,oc_auv,oc_gsc,oc_lms,oc_lnc,oc_ni,oc_ni_la,oc_prv,oc_va,pl,pt,pt_br,ro,ru,sk,sv,tr,vi,zh',
      ),
      2 => 
      array (
      ),
      3 => '',
      4 => true,
    ),
  ),
  4 => 
  array (
    'file' => '/Applications/XAMPP/xamppfiles/htdocs/iste/ecrire/inc/meta.php',
    'line' => 149,
    'function' => 'sql_insertq',
    'args' => 
    array (
      0 => 'spip_meta',
      1 => 
      array (
        'nom' => 'langues_proposees',
        'valeur' => 'ar,ast,ay,bg,br,bs,ca,co,cpf,cpf_hat,cs,da,de,en,eo,es,eu,fa,fon,fr,fr_fem,gl,he,hu,id,it,it_fem,ja,km,lb,my,nl,oc_auv,oc_gsc,oc_lms,oc_lnc,oc_ni,oc_ni_la,oc_prv,oc_va,pl,pt,pt_br,ro,ru,sk,sv,tr,vi,zh',
      ),
    ),
  ),
  5 => 
  array (
    'file' => '/Applications/XAMPP/xamppfiles/htdocs/iste/ecrire/inc/lang.php',
    'line' => 415,
    'function' => 'ecrire_meta',
    'args' => 
    array (
      0 => 'langues_proposees',
      1 => 'ar,ast,ay,bg,br,bs,ca,co,cpf,cpf_hat,cs,da,de,en,eo,es,eu,fa,fon,fr,fr_fem,gl,he,hu,id,it,it_fem,ja,km,lb,my,nl,oc_auv,oc_gsc,oc_lms,oc_lnc,oc_ni,oc_ni_la,oc_prv,oc_va,pl,pt,pt_br,ro,ru,sk,sv,tr,vi,zh',
    ),
  ),
  6 => 
  array (
    'file' => '/Applications/XAMPP/xamppfiles/htdocs/iste/ecrire/inc/lang.php',
    'line' => 446,
    'function' => 'init_langues',
    'args' => 
    array (
    ),
  ),
  7 => 
  array (
    'file' => '/Applications/XAMPP/xamppfiles/htdocs/iste/ecrire/inc/utils.php',
    'line' => 969,
    'args' => 
    array (
      0 => '/Applications/XAMPP/xamppfiles/htdocs/iste/ecrire/inc/lang.php',
    ),
    'function' => 'include_once',
  ),
  8 => 
  array (
    'file' => '/Applications/XAMPP/xamppfiles/htdocs/iste/ecrire/inc/utils.php',
    'line' => 92,
    'function' => 'find_in_path',
    'args' => 
    array (
      0 => 'inc/lang.php',
      1 => '',
      2 => true,
    ),
  ),
  9 => 
  array (
    'file' => '/Applications/XAMPP/xamppfiles/htdocs/iste/ecrire/inc/utils.php',
    'line' => 497,
    'function' => 'include_spip',
    'args' => 
    array (
      0 => 'inc/lang',
    ),
  ),
  10 => 
  array (
    'file' => '/Applications/XAMPP/xamppfiles/htdocs/iste/ecrire/inc/genie.php',
    'line' => 184,
    'function' => '_T',
    'args' => 
    array (
      0 => 'tache_cron_secondes',
      1 => 
      array (
        'function' => 'queue_watch',
        'nb' => 86400,
      ),
    ),
  ),
  11 => 
  array (
    'file' => '/Applications/XAMPP/xamppfiles/htdocs/iste/ecrire/inc/genie.php',
    'line' => 145,
    'function' => 'queue_genie_replan_job',
    'args' => 
    array (
      0 => 'queue_watch',
      1 => 86400,
      2 => 1428457667,
      3 => 0,
    ),
  ),
  12 => 
  array (
    'file' => '/Applications/XAMPP/xamppfiles/htdocs/iste/ecrire/inc/plugin.php',
    'line' => 523,
    'function' => 'genie_queue_watch_dist',
    'args' => 
    array (
    ),
  ),
  13 => 
  array (
    'file' => '/Applications/XAMPP/xamppfiles/htdocs/iste/ecrire/inc/plugin.php',
    'line' => 430,
    'function' => 'ecrire_plugin_actifs',
    'args' => 
    array (
      0 => '',
      1 => false,
      2 => 'force',
    ),
  ),
  14 => 
  array (
    'file' => '/Applications/XAMPP/xamppfiles/htdocs/iste/ecrire/inc/utils.php',
    'line' => 139,
    'function' => 'actualise_plugins_actifs',
    'args' => 
    array (
    ),
  ),
  15 => 
  array (
    'file' => '/Applications/XAMPP/xamppfiles/htdocs/iste/ecrire/base/objets.php',
    'line' => 332,
    'function' => 'pipeline',
    'args' => 
    array (
      0 => 'declarer_tables_principales',
      1 => 
      array (
        'spip_jobs' => 
        array (
          'field' => 
          array (
            'id_job' => 'bigint(21) NOT NULL',
            'descriptif' => 'text DEFAULT \'\' NOT NULL',
            'fonction' => 'varchar(255) NOT NULL',
            'args' => 'longblob DEFAULT \'\' NOT NULL',
            'md5args' => 'char(32) NOT NULL default \'\'',
            'inclure' => 'varchar(255) NOT NULL',
            'priorite' => 'smallint(6) NOT NULL default 0',
            'date' => 'datetime DEFAULT \'0000-00-00 00:00:00\' NOT NULL',
            'status' => 'tinyint NOT NULL default 1',
          ),
          'key' => 
          array (
            'PRIMARY KEY' => 'id_job',
            'KEY date' => 'date',
            'KEY status' => 'status',
          ),
        ),
      ),
    ),
  ),
  16 => 
  array (
    'file' => '/Applications/XAMPP/xamppfiles/htdocs/iste/ecrire/base/trouver_table.php',
    'line' => 73,
    'function' => 'lister_tables_objets_sql',
    'args' => 
    array (
      0 => '::md5',
    ),
  ),
  17 => 
  array (
    'file' => '/Applications/XAMPP/xamppfiles/htdocs/iste/ecrire/base/abstract_sql.php',
    'line' => 1289,
    'function' => 'base_trouver_table_dist',
    'args' => 
    array (
      0 => 'spip_meta',
      1 => '',
    ),
  ),
  18 => 
  array (
    'file' => '/Applications/XAMPP/xamppfiles/htdocs/iste/ecrire/req/mysql.php',
    'line' => 877,
    'function' => 'description_table',
    'args' => 
    array (
      0 => 'spip_meta',
      1 => '',
    ),
  ),
  19 => 
  array (
    'file' => '/Applications/XAMPP/xamppfiles/htdocs/iste/ecrire/base/abstract_sql.php',
    'line' => 494,
    'function' => 'spip_mysql_insertq',
    'args' => 
    array (
      0 => 'spip_meta',
      1 => 
      array (
        'nom' => 'charset',
        'valeur' => 'utf-8',
      ),
      2 => 
      array (
      ),
      3 => '',
      4 => true,
    ),
  ),
  20 => 
  array (
    'file' => '/Applications/XAMPP/xamppfiles/htdocs/iste/ecrire/inc/meta.php',
    'line' => 149,
    'function' => 'sql_insertq',
    'args' => 
    array (
      0 => 'spip_meta',
      1 => 
      array (
        'nom' => 'charset',
        'valeur' => 'utf-8',
      ),
    ),
  ),
  21 => 
  array (
    'file' => '/Applications/XAMPP/xamppfiles/htdocs/iste/ecrire/inc/meta.php',
    'line' => 72,
    'function' => 'ecrire_meta',
    'args' => 
    array (
      0 => 'charset',
      1 => 'utf-8',
      2 => NULL,
      3 => 'meta',
    ),
  ),
  22 => 
  array (
    'file' => '/Applications/XAMPP/xamppfiles/htdocs/iste/ecrire/inc/meta.php',
    'line' => 38,
    'function' => 'lire_metas',
    'args' => 
    array (
      0 => 'meta',
    ),
  ),
  23 => 
  array (
    'file' => '/Applications/XAMPP/xamppfiles/htdocs/iste/ecrire/inc/utils.php',
    'line' => 1645,
    'function' => 'inc_meta_dist',
    'args' => 
    array (
    ),
  ),
  24 => 
  array (
    'file' => '/Applications/XAMPP/xamppfiles/htdocs/iste/ecrire/inc_version.php',
    'line' => 342,
    'function' => 'spip_initialisation_core',
    'args' => 
    array (
      0 => '../config/',
      1 => '../IMG/',
      2 => '../tmp/',
      3 => '../local/',
    ),
  ),
  25 => 
  array (
    'file' => '/Applications/XAMPP/xamppfiles/htdocs/iste/ecrire/index.php',
    'line' => 14,
    'args' => 
    array (
      0 => '/Applications/XAMPP/xamppfiles/htdocs/iste/ecrire/inc_version.php',
    ),
    'function' => 'include',
  ),
)
Apr 08 17:25:19 ::1 (pid 95015) :Pri:CRITIQUE: Re-entrance anormale sur lister_tables_objets_sql :array (
  0 => 
  array (
    'file' => '/Applications/XAMPP/xamppfiles/htdocs/iste/ecrire/base/trouver_table.php',
    'line' => 73,
    'function' => 'lister_tables_objets_sql',
    'args' => 
    array (
      0 => '::md5',
    ),
  ),
  1 => 
  array (
    'file' => '/Applications/XAMPP/xamppfiles/htdocs/iste/ecrire/base/abstract_sql.php',
    'line' => 1289,
    'function' => 'base_trouver_table_dist',
    'args' => 
    array (
      0 => 'spip_meta',
      1 => '',
    ),
  ),
  2 => 
  array (
    'file' => '/Applications/XAMPP/xamppfiles/htdocs/iste/ecrire/req/mysql.php',
    'line' => 877,
    'function' => 'description_table',
    'args' => 
    array (
      0 => 'spip_meta',
      1 => '',
    ),
  ),
  3 => 
  array (
    'file' => '/Applications/XAMPP/xamppfiles/htdocs/iste/ecrire/base/abstract_sql.php',
    'line' => 494,
    'function' => 'spip_mysql_insertq',
    'args' => 
    array (
      0 => 'spip_meta',
      1 => 
      array (
        'nom' => 'langue_site',
        'valeur' => 'fr',
      ),
      2 => 
      array (
      ),
      3 => '',
      4 => true,
    ),
  ),
  4 => 
  array (
    'file' => '/Applications/XAMPP/xamppfiles/htdocs/iste/ecrire/inc/meta.php',
    'line' => 149,
    'function' => 'sql_insertq',
    'args' => 
    array (
      0 => 'spip_meta',
      1 => 
      array (
        'nom' => 'langue_site',
        'valeur' => 'fr',
      ),
    ),
  ),
  5 => 
  array (
    'file' => '/Applications/XAMPP/xamppfiles/htdocs/iste/ecrire/inc/lang.php',
    'line' => 424,
    'function' => 'ecrire_meta',
    'args' => 
    array (
      0 => 'langue_site',
      1 => 'fr',
    ),
  ),
  6 => 
  array (
    'file' => '/Applications/XAMPP/xamppfiles/htdocs/iste/ecrire/inc/lang.php',
    'line' => 446,
    'function' => 'init_langues',
    'args' => 
    array (
    ),
  ),
  7 => 
  array (
    'file' => '/Applications/XAMPP/xamppfiles/htdocs/iste/ecrire/inc/utils.php',
    'line' => 969,
    'args' => 
    array (
      0 => '/Applications/XAMPP/xamppfiles/htdocs/iste/ecrire/inc/lang.php',
    ),
    'function' => 'include_once',
  ),
  8 => 
  array (
    'file' => '/Applications/XAMPP/xamppfiles/htdocs/iste/ecrire/inc/utils.php',
    'line' => 92,
    'function' => 'find_in_path',
    'args' => 
    array (
      0 => 'inc/lang.php',
      1 => '',
      2 => true,
    ),
  ),
  9 => 
  array (
    'file' => '/Applications/XAMPP/xamppfiles/htdocs/iste/ecrire/inc/utils.php',
    'line' => 497,
    'function' => 'include_spip',
    'args' => 
    array (
      0 => 'inc/lang',
    ),
  ),
  10 => 
  array (
    'file' => '/Applications/XAMPP/xamppfiles/htdocs/iste/ecrire/inc/genie.php',
    'line' => 184,
    'function' => '_T',
    'args' => 
    array (
      0 => 'tache_cron_secondes',
      1 => 
      array (
        'function' => 'queue_watch',
        'nb' => 86400,
      ),
    ),
  ),
  11 => 
  array (
    'file' => '/Applications/XAMPP/xamppfiles/htdocs/iste/ecrire/inc/genie.php',
    'line' => 145,
    'function' => 'queue_genie_replan_job',
    'args' => 
    array (
      0 => 'queue_watch',
      1 => 86400,
      2 => 1428457667,
      3 => 0,
    ),
  ),
  12 => 
  array (
    'file' => '/Applications/XAMPP/xamppfiles/htdocs/iste/ecrire/inc/plugin.php',
    'line' => 523,
    'function' => 'genie_queue_watch_dist',
    'args' => 
    array (
    ),
  ),
  13 => 
  array (
    'file' => '/Applications/XAMPP/xamppfiles/htdocs/iste/ecrire/inc/plugin.php',
    'line' => 430,
    'function' => 'ecrire_plugin_actifs',
    'args' => 
    array (
      0 => '',
      1 => false,
      2 => 'force',
    ),
  ),
  14 => 
  array (
    'file' => '/Applications/XAMPP/xamppfiles/htdocs/iste/ecrire/inc/utils.php',
    'line' => 139,
    'function' => 'actualise_plugins_actifs',
    'args' => 
    array (
    ),
  ),
  15 => 
  array (
    'file' => '/Applications/XAMPP/xamppfiles/htdocs/iste/ecrire/base/objets.php',
    'line' => 332,
    'function' => 'pipeline',
    'args' => 
    array (
      0 => 'declarer_tables_principales',
      1 => 
      array (
        'spip_jobs' => 
        array (
          'field' => 
          array (
            'id_job' => 'bigint(21) NOT NULL',
            'descriptif' => 'text DEFAULT \'\' NOT NULL',
            'fonction' => 'varchar(255) NOT NULL',
            'args' => 'longblob DEFAULT \'\' NOT NULL',
            'md5args' => 'char(32) NOT NULL default \'\'',
            'inclure' => 'varchar(255) NOT NULL',
            'priorite' => 'smallint(6) NOT NULL default 0',
            'date' => 'datetime DEFAULT \'0000-00-00 00:00:00\' NOT NULL',
            'status' => 'tinyint NOT NULL default 1',
          ),
          'key' => 
          array (
            'PRIMARY KEY' => 'id_job',
            'KEY date' => 'date',
            'KEY status' => 'status',
          ),
        ),
      ),
    ),
  ),
  16 => 
  array (
    'file' => '/Applications/XAMPP/xamppfiles/htdocs/iste/ecrire/base/trouver_table.php',
    'line' => 73,
    'function' => 'lister_tables_objets_sql',
    'args' => 
    array (
      0 => '::md5',
    ),
  ),
  17 => 
  array (
    'file' => '/Applications/XAMPP/xamppfiles/htdocs/iste/ecrire/base/abstract_sql.php',
    'line' => 1289,
    'function' => 'base_trouver_table_dist',
    'args' => 
    array (
      0 => 'spip_meta',
      1 => '',
    ),
  ),
  18 => 
  array (
    'file' => '/Applications/XAMPP/xamppfiles/htdocs/iste/ecrire/req/mysql.php',
    'line' => 877,
    'function' => 'description_table',
    'args' => 
    array (
      0 => 'spip_meta',
      1 => '',
    ),
  ),
  19 => 
  array (
    'file' => '/Applications/XAMPP/xamppfiles/htdocs/iste/ecrire/base/abstract_sql.php',
    'line' => 494,
    'function' => 'spip_mysql_insertq',
    'args' => 
    array (
      0 => 'spip_meta',
      1 => 
      array (
        'nom' => 'charset',
        'valeur' => 'utf-8',
      ),
      2 => 
      array (
      ),
      3 => '',
      4 => true,
    ),
  ),
  20 => 
  array (
    'file' => '/Applications/XAMPP/xamppfiles/htdocs/iste/ecrire/inc/meta.php',
    'line' => 149,
    'function' => 'sql_insertq',
    'args' => 
    array (
      0 => 'spip_meta',
      1 => 
      array (
        'nom' => 'charset',
        'valeur' => 'utf-8',
      ),
    ),
  ),
  21 => 
  array (
    'file' => '/Applications/XAMPP/xamppfiles/htdocs/iste/ecrire/inc/meta.php',
    'line' => 72,
    'function' => 'ecrire_meta',
    'args' => 
    array (
      0 => 'charset',
      1 => 'utf-8',
      2 => NULL,
      3 => 'meta',
    ),
  ),
  22 => 
  array (
    'file' => '/Applications/XAMPP/xamppfiles/htdocs/iste/ecrire/inc/meta.php',
    'line' => 38,
    'function' => 'lire_metas',
    'args' => 
    array (
      0 => 'meta',
    ),
  ),
  23 => 
  array (
    'file' => '/Applications/XAMPP/xamppfiles/htdocs/iste/ecrire/inc/utils.php',
    'line' => 1645,
    'function' => 'inc_meta_dist',
    'args' => 
    array (
    ),
  ),
  24 => 
  array (
    'file' => '/Applications/XAMPP/xamppfiles/htdocs/iste/ecrire/inc_version.php',
    'line' => 342,
    'function' => 'spip_initialisation_core',
    'args' => 
    array (
      0 => '../config/',
      1 => '../IMG/',
      2 => '../tmp/',
      3 => '../local/',
    ),
  ),
  25 => 
  array (
    'file' => '/Applications/XAMPP/xamppfiles/htdocs/iste/ecrire/index.php',
    'line' => 14,
    'args' => 
    array (
      0 => '/Applications/XAMPP/xamppfiles/htdocs/iste/ecrire/inc_version.php',
    ),
    'function' => 'include',
  ),
)
Apr 08 17:25:19 ::1 (pid 95015) :Pri:CRITIQUE: Re-entrance anormale sur lister_tables_objets_sql :array (
  0 => 
  array (
    'file' => '/Applications/XAMPP/xamppfiles/htdocs/iste/ecrire/base/trouver_table.php',
    'line' => 73,
    'function' => 'lister_tables_objets_sql',
    'args' => 
    array (
      0 => '::md5',
    ),
  ),
  1 => 
  array (
    'file' => '/Applications/XAMPP/xamppfiles/htdocs/iste/ecrire/base/abstract_sql.php',
    'line' => 1289,
    'function' => 'base_trouver_table_dist',
    'args' => 
    array (
      0 => 'spip_jobs',
      1 => '',
    ),
  ),
  2 => 
  array (
    'file' => '/Applications/XAMPP/xamppfiles/htdocs/iste/ecrire/req/mysql.php',
    'line' => 877,
    'function' => 'description_table',
    'args' => 
    array (
      0 => 'spip_jobs',
      1 => '',
    ),
  ),
  3 => 
  array (
    'file' => '/Applications/XAMPP/xamppfiles/htdocs/iste/ecrire/base/abstract_sql.php',
    'line' => 494,
    'function' => 'spip_mysql_insertq',
    'args' => 
    array (
      0 => 'spip_jobs',
      1 => 
      array (
        'fonction' => 'queue_watch',
        'descriptif' => 'Tâche CRON queue_watch (toutes les 86400 s)',
        'args' => 'a:1:{i:0;d:1428457667;}',
        'md5args' => '60d4bbba4c09e9a265fba805dccf77da',
        'inclure' => 'genie/',
        'priorite' => 0,
        'date' => '2015-04-08 17:25:19',
        'status' => 1,
      ),
      2 => 
      array (
      ),
      3 => '',
      4 => true,
    ),
  ),
  4 => 
  array (
    'file' => '/Applications/XAMPP/xamppfiles/htdocs/iste/ecrire/inc/queue.php',
    'line' => 92,
    'function' => 'sql_insertq',
    'args' => 
    array (
      0 => 'spip_jobs',
      1 => 
      array (
        'fonction' => 'queue_watch',
        'descriptif' => 'Tâche CRON queue_watch (toutes les 86400 s)',
        'args' => 'a:1:{i:0;d:1428457667;}',
        'md5args' => '60d4bbba4c09e9a265fba805dccf77da',
        'inclure' => 'genie/',
        'priorite' => 0,
        'date' => '2015-04-08 17:25:19',
        'status' => 1,
      ),
    ),
  ),
  5 => 
  array (
    'file' => '/Applications/XAMPP/xamppfiles/htdocs/iste/ecrire/inc/genie.php',
    'line' => 184,
    'function' => 'queue_add_job',
    'args' => 
    array (
      0 => 'queue_watch',
      1 => 'Tâche CRON queue_watch (toutes les 86400 s)',
      2 => 
      array (
        0 => 1428457667,
      ),
      3 => 'genie/',
      4 => 'function_only',
      5 => 0,
      6 => 0,
    ),
  ),
  6 => 
  array (
    'file' => '/Applications/XAMPP/xamppfiles/htdocs/iste/ecrire/inc/genie.php',
    'line' => 145,
    'function' => 'queue_genie_replan_job',
    'args' => 
    array (
      0 => 'queue_watch',
      1 => 86400,
      2 => 1428457667,
      3 => 0,
    ),
  ),
  7 => 
  array (
    'file' => '/Applications/XAMPP/xamppfiles/htdocs/iste/ecrire/inc/plugin.php',
    'line' => 523,
    'function' => 'genie_queue_watch_dist',
    'args' => 
    array (
    ),
  ),
  8 => 
  array (
    'file' => '/Applications/XAMPP/xamppfiles/htdocs/iste/ecrire/inc/plugin.php',
    'line' => 430,
    'function' => 'ecrire_plugin_actifs',
    'args' => 
    array (
      0 => '',
      1 => false,
      2 => 'force',
    ),
  ),
  9 => 
  array (
    'file' => '/Applications/XAMPP/xamppfiles/htdocs/iste/ecrire/inc/utils.php',
    'line' => 139,
    'function' => 'actualise_plugins_actifs',
    'args' => 
    array (
    ),
  ),
  10 => 
  array (
    'file' => '/Applications/XAMPP/xamppfiles/htdocs/iste/ecrire/base/objets.php',
    'line' => 332,
    'function' => 'pipeline',
    'args' => 
    array (
      0 => 'declarer_tables_principales',
      1 => 
      array (
        'spip_jobs' => 
        array (
          'field' => 
          array (
            'id_job' => 'bigint(21) NOT NULL',
            'descriptif' => 'text DEFAULT \'\' NOT NULL',
            'fonction' => 'varchar(255) NOT NULL',
            'args' => 'longblob DEFAULT \'\' NOT NULL',
            'md5args' => 'char(32) NOT NULL default \'\'',
            'inclure' => 'varchar(255) NOT NULL',
            'priorite' => 'smallint(6) NOT NULL default 0',
            'date' => 'datetime DEFAULT \'0000-00-00 00:00:00\' NOT NULL',
            'status' => 'tinyint NOT NULL default 1',
          ),
          'key' => 
          array (
            'PRIMARY KEY' => 'id_job',
            'KEY date' => 'date',
            'KEY status' => 'status',
          ),
        ),
      ),
    ),
  ),
  11 => 
  array (
    'file' => '/Applications/XAMPP/xamppfiles/htdocs/iste/ecrire/base/trouver_table.php',
    'line' => 73,
    'function' => 'lister_tables_objets_sql',
    'args' => 
    array (
      0 => '::md5',
    ),
  ),
  12 => 
  array (
    'file' => '/Applications/XAMPP/xamppfiles/htdocs/iste/ecrire/base/abstract_sql.php',
    'line' => 1289,
    'function' => 'base_trouver_table_dist',
    'args' => 
    array (
      0 => 'spip_meta',
      1 => '',
    ),
  ),
  13 => 
  array (
    'file' => '/Applications/XAMPP/xamppfiles/htdocs/iste/ecrire/req/mysql.php',
    'line' => 877,
    'function' => 'description_table',
    'args' => 
    array (
      0 => 'spip_meta',
      1 => '',
    ),
  ),
  14 => 
  array (
    'file' => '/Applications/XAMPP/xamppfiles/htdocs/iste/ecrire/base/abstract_sql.php',
    'line' => 494,
    'function' => 'spip_mysql_insertq',
    'args' => 
    array (
      0 => 'spip_meta',
      1 => 
      array (
        'nom' => 'charset',
        'valeur' => 'utf-8',
      ),
      2 => 
      array (
      ),
      3 => '',
      4 => true,
    ),
  ),
  15 => 
  array (
    'file' => '/Applications/XAMPP/xamppfiles/htdocs/iste/ecrire/inc/meta.php',
    'line' => 149,
    'function' => 'sql_insertq',
    'args' => 
    array (
      0 => 'spip_meta',
      1 => 
      array (
        'nom' => 'charset',
        'valeur' => 'utf-8',
      ),
    ),
  ),
  16 => 
  array (
    'file' => '/Applications/XAMPP/xamppfiles/htdocs/iste/ecrire/inc/meta.php',
    'line' => 72,
    'function' => 'ecrire_meta',
    'args' => 
    array (
      0 => 'charset',
      1 => 'utf-8',
      2 => NULL,
      3 => 'meta',
    ),
  ),
  17 => 
  array (
    'file' => '/Applications/XAMPP/xamppfiles/htdocs/iste/ecrire/inc/meta.php',
    'line' => 38,
    'function' => 'lire_metas',
    'args' => 
    array (
      0 => 'meta',
    ),
  ),
  18 => 
  array (
    'file' => '/Applications/XAMPP/xamppfiles/htdocs/iste/ecrire/inc/utils.php',
    'line' => 1645,
    'function' => 'inc_meta_dist',
    'args' => 
    array (
    ),
  ),
  19 => 
  array (
    'file' => '/Applications/XAMPP/xamppfiles/htdocs/iste/ecrire/inc_version.php',
    'line' => 342,
    'function' => 'spip_initialisation_core',
    'args' => 
    array (
      0 => '../config/',
      1 => '../IMG/',
      2 => '../tmp/',
      3 => '../local/',
    ),
  ),
  20 => 
  array (
    'file' => '/Applications/XAMPP/xamppfiles/htdocs/iste/ecrire/index.php',
    'line' => 14,
    'args' => 
    array (
      0 => '/Applications/XAMPP/xamppfiles/htdocs/iste/ecrire/inc_version.php',
    ),
    'function' => 'include',
  ),
)
Apr 08 17:25:19 ::1 (pid 95015) :Pri:CRITIQUE: Re-entrance anormale sur lister_tables_objets_sql :array (
  0 => 
  array (
    'file' => '/Applications/XAMPP/xamppfiles/htdocs/iste/ecrire/base/trouver_table.php',
    'line' => 164,
    'function' => 'lister_tables_objets_sql',
    'args' => 
    array (
      0 => 'spip_jobs',
      1 => 
      array (
        'field' => 
        array (
          'id_job' => 'bigint(21) NOT NULL AUTO_INCREMENT',
          'descriptif' => 'text NOT NULL',
          'fonction' => 'varchar(255) NOT NULL',
          'args' => 'longblob NOT NULL',
          'md5args' => 'char(32) NOT NULL DEFAULT \'\'',
          'inclure' => 'varchar(255) NOT NULL',
          'priorite' => 'smallint(6) NOT NULL DEFAULT \'0\'',
          'date' => 'datetime NOT NULL DEFAULT \'0000-00-00 00:00:00\'',
          'status' => 'tinyint(4) NOT NULL DEFAULT \'1\'',
        ),
        'key' => 
        array (
          'PRIMARY KEY' => 'id_job',
          'KEY date' => 'date',
          'KEY status' => 'status',
        ),
        'exist' => true,
        'table_sql' => 'spip_jobs',
        'table' => 'spip_jobs',
        'connexion' => '',
      ),
    ),
  ),
  1 => 
  array (
    'file' => '/Applications/XAMPP/xamppfiles/htdocs/iste/ecrire/base/abstract_sql.php',
    'line' => 1289,
    'function' => 'base_trouver_table_dist',
    'args' => 
    array (
      0 => 'spip_jobs',
      1 => '',
    ),
  ),
  2 => 
  array (
    'file' => '/Applications/XAMPP/xamppfiles/htdocs/iste/ecrire/req/mysql.php',
    'line' => 877,
    'function' => 'description_table',
    'args' => 
    array (
      0 => 'spip_jobs',
      1 => '',
    ),
  ),
  3 => 
  array (
    'file' => '/Applications/XAMPP/xamppfiles/htdocs/iste/ecrire/base/abstract_sql.php',
    'line' => 494,
    'function' => 'spip_mysql_insertq',
    'args' => 
    array (
      0 => 'spip_jobs',
      1 => 
      array (
        'fonction' => 'queue_watch',
        'descriptif' => 'Tâche CRON queue_watch (toutes les 86400 s)',
        'args' => 'a:1:{i:0;d:1428457667;}',
        'md5args' => '60d4bbba4c09e9a265fba805dccf77da',
        'inclure' => 'genie/',
        'priorite' => 0,
        'date' => '2015-04-08 17:25:19',
        'status' => 1,
      ),
      2 => 
      array (
      ),
      3 => '',
      4 => true,
    ),
  ),
  4 => 
  array (
    'file' => '/Applications/XAMPP/xamppfiles/htdocs/iste/ecrire/inc/queue.php',
    'line' => 92,
    'function' => 'sql_insertq',
    'args' => 
    array (
      0 => 'spip_jobs',
      1 => 
      array (
        'fonction' => 'queue_watch',
        'descriptif' => 'Tâche CRON queue_watch (toutes les 86400 s)',
        'args' => 'a:1:{i:0;d:1428457667;}',
        'md5args' => '60d4bbba4c09e9a265fba805dccf77da',
        'inclure' => 'genie/',
        'priorite' => 0,
        'date' => '2015-04-08 17:25:19',
        'status' => 1,
      ),
    ),
  ),
  5 => 
  array (
    'file' => '/Applications/XAMPP/xamppfiles/htdocs/iste/ecrire/inc/genie.php',
    'line' => 184,
    'function' => 'queue_add_job',
    'args' => 
    array (
      0 => 'queue_watch',
      1 => 'Tâche CRON queue_watch (toutes les 86400 s)',
      2 => 
      array (
        0 => 1428457667,
      ),
      3 => 'genie/',
      4 => 'function_only',
      5 => 0,
      6 => 0,
    ),
  ),
  6 => 
  array (
    'file' => '/Applications/XAMPP/xamppfiles/htdocs/iste/ecrire/inc/genie.php',
    'line' => 145,
    'function' => 'queue_genie_replan_job',
    'args' => 
    array (
      0 => 'queue_watch',
      1 => 86400,
      2 => 1428457667,
      3 => 0,
    ),
  ),
  7 => 
  array (
    'file' => '/Applications/XAMPP/xamppfiles/htdocs/iste/ecrire/inc/plugin.php',
    'line' => 523,
    'function' => 'genie_queue_watch_dist',
    'args' => 
    array (
    ),
  ),
  8 => 
  array (
    'file' => '/Applications/XAMPP/xamppfiles/htdocs/iste/ecrire/inc/plugin.php',
    'line' => 430,
    'function' => 'ecrire_plugin_actifs',
    'args' => 
    array (
      0 => '',
      1 => false,
      2 => 'force',
    ),
  ),
  9 => 
  array (
    'file' => '/Applications/XAMPP/xamppfiles/htdocs/iste/ecrire/inc/utils.php',
    'line' => 139,
    'function' => 'actualise_plugins_actifs',
    'args' => 
    array (
    ),
  ),
  10 => 
  array (
    'file' => '/Applications/XAMPP/xamppfiles/htdocs/iste/ecrire/base/objets.php',
    'line' => 332,
    'function' => 'pipeline',
    'args' => 
    array (
      0 => 'declarer_tables_principales',
      1 => 
      array (
        'spip_jobs' => 
        array (
          'field' => 
          array (
            'id_job' => 'bigint(21) NOT NULL',
            'descriptif' => 'text DEFAULT \'\' NOT NULL',
            'fonction' => 'varchar(255) NOT NULL',
            'args' => 'longblob DEFAULT \'\' NOT NULL',
            'md5args' => 'char(32) NOT NULL default \'\'',
            'inclure' => 'varchar(255) NOT NULL',
            'priorite' => 'smallint(6) NOT NULL default 0',
            'date' => 'datetime DEFAULT \'0000-00-00 00:00:00\' NOT NULL',
            'status' => 'tinyint NOT NULL default 1',
          ),
          'key' => 
          array (
            'PRIMARY KEY' => 'id_job',
            'KEY date' => 'date',
            'KEY status' => 'status',
          ),
        ),
      ),
    ),
  ),
  11 => 
  array (
    'file' => '/Applications/XAMPP/xamppfiles/htdocs/iste/ecrire/base/trouver_table.php',
    'line' => 73,
    'function' => 'lister_tables_objets_sql',
    'args' => 
    array (
      0 => '::md5',
    ),
  ),
  12 => 
  array (
    'file' => '/Applications/XAMPP/xamppfiles/htdocs/iste/ecrire/base/abstract_sql.php',
    'line' => 1289,
    'function' => 'base_trouver_table_dist',
    'args' => 
    array (
      0 => 'spip_meta',
      1 => '',
    ),
  ),
  13 => 
  array (
    'file' => '/Applications/XAMPP/xamppfiles/htdocs/iste/ecrire/req/mysql.php',
    'line' => 877,
    'function' => 'description_table',
    'args' => 
    array (
      0 => 'spip_meta',
      1 => '',
    ),
  ),
  14 => 
  array (
    'file' => '/Applications/XAMPP/xamppfiles/htdocs/iste/ecrire/base/abstract_sql.php',
    'line' => 494,
    'function' => 'spip_mysql_insertq',
    'args' => 
    array (
      0 => 'spip_meta',
      1 => 
      array (
        'nom' => 'charset',
        'valeur' => 'utf-8',
      ),
      2 => 
      array (
      ),
      3 => '',
      4 => true,
    ),
  ),
  15 => 
  array (
    'file' => '/Applications/XAMPP/xamppfiles/htdocs/iste/ecrire/inc/meta.php',
    'line' => 149,
    'function' => 'sql_insertq',
    'args' => 
    array (
      0 => 'spip_meta',
      1 => 
      array (
        'nom' => 'charset',
        'valeur' => 'utf-8',
      ),
    ),
  ),
  16 => 
  array (
    'file' => '/Applications/XAMPP/xamppfiles/htdocs/iste/ecrire/inc/meta.php',
    'line' => 72,
    'function' => 'ecrire_meta',
    'args' => 
    array (
      0 => 'charset',
      1 => 'utf-8',
      2 => NULL,
      3 => 'meta',
    ),
  ),
  17 => 
  array (
    'file' => '/Applications/XAMPP/xamppfiles/htdocs/iste/ecrire/inc/meta.php',
    'line' => 38,
    'function' => 'lire_metas',
    'args' => 
    array (
      0 => 'meta',
    ),
  ),
  18 => 
  array (
    'file' => '/Applications/XAMPP/xamppfiles/htdocs/iste/ecrire/inc/utils.php',
    'line' => 1645,
    'function' => 'inc_meta_dist',
    'args' => 
    array (
    ),
  ),
  19 => 
  array (
    'file' => '/Applications/XAMPP/xamppfiles/htdocs/iste/ecrire/inc_version.php',
    'line' => 342,
    'function' => 'spip_initialisation_core',
    'args' => 
    array (
      0 => '../config/',
      1 => '../IMG/',
      2 => '../tmp/',
      3 => '../local/',
    ),
  ),
  20 => 
  array (
    'file' => '/Applications/XAMPP/xamppfiles/htdocs/iste/ecrire/index.php',
    'line' => 14,
    'args' => 
    array (
      0 => '/Applications/XAMPP/xamppfiles/htdocs/iste/ecrire/inc_version.php',
    ),
    'function' => 'include',
  ),
)
Apr 08 17:25:19 ::1 (pid 95015) :Pri:CRITIQUE: Re-entrance anormale sur lister_tables_objets_sql :array (
  0 => 
  array (
    'file' => '/Applications/XAMPP/xamppfiles/htdocs/iste/ecrire/base/trouver_table.php',
    'line' => 73,
    'function' => 'lister_tables_objets_sql',
    'args' => 
    array (
      0 => '::md5',
    ),
  ),
  1 => 
  array (
    'file' => '/Applications/XAMPP/xamppfiles/htdocs/iste/ecrire/base/abstract_sql.php',
    'line' => 1289,
    'function' => 'base_trouver_table_dist',
    'args' => 
    array (
      0 => 'spip_jobs',
      1 => '',
    ),
  ),
  2 => 
  array (
    'file' => '/Applications/XAMPP/xamppfiles/htdocs/iste/ecrire/req/mysql.php',
    'line' => 877,
    'function' => 'description_table',
    'args' => 
    array (
      0 => 'spip_jobs',
      1 => '',
    ),
  ),
  3 => 
  array (
    'file' => '/Applications/XAMPP/xamppfiles/htdocs/iste/ecrire/base/abstract_sql.php',
    'line' => 494,
    'function' => 'spip_mysql_insertq',
    'args' => 
    array (
      0 => 'spip_jobs',
      1 => 
      array (
        'fonction' => 'optimiser',
        'descriptif' => 'Tâche CRON optimiser (toutes les 172800 s)',
        'args' => 'a:1:{i:0;d:1428419212;}',
        'md5args' => '8063891dc228869fd492af223b667a60',
        'inclure' => 'genie/',
        'priorite' => 0,
        'date' => '2015-04-08 17:25:19',
        'status' => 1,
      ),
      2 => 
      array (
      ),
      3 => '',
      4 => true,
    ),
  ),
  4 => 
  array (
    'file' => '/Applications/XAMPP/xamppfiles/htdocs/iste/ecrire/inc/queue.php',
    'line' => 92,
    'function' => 'sql_insertq',
    'args' => 
    array (
      0 => 'spip_jobs',
      1 => 
      array (
        'fonction' => 'optimiser',
        'descriptif' => 'Tâche CRON optimiser (toutes les 172800 s)',
        'args' => 'a:1:{i:0;d:1428419212;}',
        'md5args' => '8063891dc228869fd492af223b667a60',
        'inclure' => 'genie/',
        'priorite' => 0,
        'date' => '2015-04-08 17:25:19',
        'status' => 1,
      ),
    ),
  ),
  5 => 
  array (
    'file' => '/Applications/XAMPP/xamppfiles/htdocs/iste/ecrire/inc/genie.php',
    'line' => 184,
    'function' => 'queue_add_job',
    'args' => 
    array (
      0 => 'optimiser',
      1 => 'Tâche CRON optimiser (toutes les 172800 s)',
      2 => 
      array (
        0 => 1428419212,
      ),
      3 => 'genie/',
      4 => 'function_only',
      5 => 0,
      6 => 0,
    ),
  ),
  6 => 
  array (
    'file' => '/Applications/XAMPP/xamppfiles/htdocs/iste/ecrire/inc/genie.php',
    'line' => 145,
    'function' => 'queue_genie_replan_job',
    'args' => 
    array (
      0 => 'optimiser',
      1 => 172800,
      2 => 1428419212,
      3 => 0,
    ),
  ),
  7 => 
  array (
    'file' => '/Applications/XAMPP/xamppfiles/htdocs/iste/ecrire/inc/plugin.php',
    'line' => 523,
    'function' => 'genie_queue_watch_dist',
    'args' => 
    array (
    ),
  ),
  8 => 
  array (
    'file' => '/Applications/XAMPP/xamppfiles/htdocs/iste/ecrire/inc/plugin.php',
    'line' => 430,
    'function' => 'ecrire_plugin_actifs',
    'args' => 
    array (
      0 => '',
      1 => false,
      2 => 'force',
    ),
  ),
  9 => 
  array (
    'file' => '/Applications/XAMPP/xamppfiles/htdocs/iste/ecrire/inc/utils.php',
    'line' => 139,
    'function' => 'actualise_plugins_actifs',
    'args' => 
    array (
    ),
  ),
  10 => 
  array (
    'file' => '/Applications/XAMPP/xamppfiles/htdocs/iste/ecrire/base/objets.php',
    'line' => 332,
    'function' => 'pipeline',
    'args' => 
    array (
      0 => 'declarer_tables_principales',
      1 => 
      array (
        'spip_jobs' => 
        array (
          'field' => 
          array (
            'id_job' => 'bigint(21) NOT NULL',
            'descriptif' => 'text DEFAULT \'\' NOT NULL',
            'fonction' => 'varchar(255) NOT NULL',
            'args' => 'longblob DEFAULT \'\' NOT NULL',
            'md5args' => 'char(32) NOT NULL default \'\'',
            'inclure' => 'varchar(255) NOT NULL',
            'priorite' => 'smallint(6) NOT NULL default 0',
            'date' => 'datetime DEFAULT \'0000-00-00 00:00:00\' NOT NULL',
            'status' => 'tinyint NOT NULL default 1',
          ),
          'key' => 
          array (
            'PRIMARY KEY' => 'id_job',
            'KEY date' => 'date',
            'KEY status' => 'status',
          ),
        ),
      ),
    ),
  ),
  11 => 
  array (
    'file' => '/Applications/XAMPP/xamppfiles/htdocs/iste/ecrire/base/trouver_table.php',
    'line' => 73,
    'function' => 'lister_tables_objets_sql',
    'args' => 
    array (
      0 => '::md5',
    ),
  ),
  12 => 
  array (
    'file' => '/Applications/XAMPP/xamppfiles/htdocs/iste/ecrire/base/abstract_sql.php',
    'line' => 1289,
    'function' => 'base_trouver_table_dist',
    'args' => 
    array (
      0 => 'spip_meta',
      1 => '',
    ),
  ),
  13 => 
  array (
    'file' => '/Applications/XAMPP/xamppfiles/htdocs/iste/ecrire/req/mysql.php',
    'line' => 877,
    'function' => 'description_table',
    'args' => 
    array (
      0 => 'spip_meta',
      1 => '',
    ),
  ),
  14 => 
  array (
    'file' => '/Applications/XAMPP/xamppfiles/htdocs/iste/ecrire/base/abstract_sql.php',
    'line' => 494,
    'function' => 'spip_mysql_insertq',
    'args' => 
    array (
      0 => 'spip_meta',
      1 => 
      array (
        'nom' => 'charset',
        'valeur' => 'utf-8',
      ),
      2 => 
      array (
      ),
      3 => '',
      4 => true,
    ),
  ),
  15 => 
  array (
    'file' => '/Applications/XAMPP/xamppfiles/htdocs/iste/ecrire/inc/meta.php',
    'line' => 149,
    'function' => 'sql_insertq',
    'args' => 
    array (
      0 => 'spip_meta',
      1 => 
      array (
        'nom' => 'charset',
        'valeur' => 'utf-8',
      ),
    ),
  ),
  16 => 
  array (
    'file' => '/Applications/XAMPP/xamppfiles/htdocs/iste/ecrire/inc/meta.php',
    'line' => 72,
    'function' => 'ecrire_meta',
    'args' => 
    array (
      0 => 'charset',
      1 => 'utf-8',
      2 => NULL,
      3 => 'meta',
    ),
  ),
  17 => 
  array (
    'file' => '/Applications/XAMPP/xamppfiles/htdocs/iste/ecrire/inc/meta.php',
    'line' => 38,
    'function' => 'lire_metas',
    'args' => 
    array (
      0 => 'meta',
    ),
  ),
  18 => 
  array (
    'file' => '/Applications/XAMPP/xamppfiles/htdocs/iste/ecrire/inc/utils.php',
    'line' => 1645,
    'function' => 'inc_meta_dist',
    'args' => 
    array (
    ),
  ),
  19 => 
  array (
    'file' => '/Applications/XAMPP/xamppfiles/htdocs/iste/ecrire/inc_version.php',
    'line' => 342,
    'function' => 'spip_initialisation_core',
    'args' => 
    array (
      0 => '../config/',
      1 => '../IMG/',
      2 => '../tmp/',
      3 => '../local/',
    ),
  ),
  20 => 
  array (
    'file' => '/Applications/XAMPP/xamppfiles/htdocs/iste/ecrire/index.php',
    'line' => 14,
    'args' => 
    array (
      0 => '/Applications/XAMPP/xamppfiles/htdocs/iste/ecrire/inc_version.php',
    ),
    'function' => 'include',
  ),
)
Apr 08 17:25:19 ::1 (pid 95015) :Pri:CRITIQUE: Re-entrance anormale sur lister_tables_objets_sql :array (
  0 => 
  array (
    'file' => '/Applications/XAMPP/xamppfiles/htdocs/iste/ecrire/base/trouver_table.php',
    'line' => 73,
    'function' => 'lister_tables_objets_sql',
    'args' => 
    array (
      0 => '::md5',
    ),
  ),
  1 => 
  array (
    'file' => '/Applications/XAMPP/xamppfiles/htdocs/iste/ecrire/base/abstract_sql.php',
    'line' => 1289,
    'function' => 'base_trouver_table_dist',
    'args' => 
    array (
      0 => 'spip_jobs',
      1 => '',
    ),
  ),
  2 => 
  array (
    'file' => '/Applications/XAMPP/xamppfiles/htdocs/iste/ecrire/req/mysql.php',
    'line' => 877,
    'function' => 'description_table',
    'args' => 
    array (
      0 => 'spip_jobs',
      1 => '',
    ),
  ),
  3 => 
  array (
    'file' => '/Applications/XAMPP/xamppfiles/htdocs/iste/ecrire/base/abstract_sql.php',
    'line' => 494,
    'function' => 'spip_mysql_insertq',
    'args' => 
    array (
      0 => 'spip_jobs',
      1 => 
      array (
        'fonction' => 'invalideur',
        'descriptif' => 'Tâche CRON invalideur (toutes les 600 s)',
        'args' => 'a:1:{i:0;d:1428506451;}',
        'md5args' => '29b062ee4623ff6472dc5647cd82da2b',
        'inclure' => 'genie/',
        'priorite' => 0,
        'date' => '2015-04-08 17:25:19',
        'status' => 1,
      ),
      2 => 
      array (
      ),
      3 => '',
      4 => true,
    ),
  ),
  4 => 
  array (
    'file' => '/Applications/XAMPP/xamppfiles/htdocs/iste/ecrire/inc/queue.php',
    'line' => 92,
    'function' => 'sql_insertq',
    'args' => 
    array (
      0 => 'spip_jobs',
      1 => 
      array (
        'fonction' => 'invalideur',
        'descriptif' => 'Tâche CRON invalideur (toutes les 600 s)',
        'args' => 'a:1:{i:0;d:1428506451;}',
        'md5args' => '29b062ee4623ff6472dc5647cd82da2b',
        'inclure' => 'genie/',
        'priorite' => 0,
        'date' => '2015-04-08 17:25:19',
        'status' => 1,
      ),
    ),
  ),
  5 => 
  array (
    'file' => '/Applications/XAMPP/xamppfiles/htdocs/iste/ecrire/inc/genie.php',
    'line' => 184,
    'function' => 'queue_add_job',
    'args' => 
    array (
      0 => 'invalideur',
      1 => 'Tâche CRON invalideur (toutes les 600 s)',
      2 => 
      array (
        0 => 1428506451,
      ),
      3 => 'genie/',
      4 => 'function_only',
      5 => 0,
      6 => 0,
    ),
  ),
  6 => 
  array (
    'file' => '/Applications/XAMPP/xamppfiles/htdocs/iste/ecrire/inc/genie.php',
    'line' => 145,
    'function' => 'queue_genie_replan_job',
    'args' => 
    array (
      0 => 'invalideur',
      1 => 600,
      2 => 1428506451,
      3 => 0,
    ),
  ),
  7 => 
  array (
    'file' => '/Applications/XAMPP/xamppfiles/htdocs/iste/ecrire/inc/plugin.php',
    'line' => 523,
    'function' => 'genie_queue_watch_dist',
    'args' => 
    array (
    ),
  ),
  8 => 
  array (
    'file' => '/Applications/XAMPP/xamppfiles/htdocs/iste/ecrire/inc/plugin.php',
    'line' => 430,
    'function' => 'ecrire_plugin_actifs',
    'args' => 
    array (
      0 => '',
      1 => false,
      2 => 'force',
    ),
  ),
  9 => 
  array (
    'file' => '/Applications/XAMPP/xamppfiles/htdocs/iste/ecrire/inc/utils.php',
    'line' => 139,
    'function' => 'actualise_plugins_actifs',
    'args' => 
    array (
    ),
  ),
  10 => 
  array (
    'file' => '/Applications/XAMPP/xamppfiles/htdocs/iste/ecrire/base/objets.php',
    'line' => 332,
    'function' => 'pipeline',
    'args' => 
    array (
      0 => 'declarer_tables_principales',
      1 => 
      array (
        'spip_jobs' => 
        array (
          'field' => 
          array (
            'id_job' => 'bigint(21) NOT NULL',
            'descriptif' => 'text DEFAULT \'\' NOT NULL',
            'fonction' => 'varchar(255) NOT NULL',
            'args' => 'longblob DEFAULT \'\' NOT NULL',
            'md5args' => 'char(32) NOT NULL default \'\'',
            'inclure' => 'varchar(255) NOT NULL',
            'priorite' => 'smallint(6) NOT NULL default 0',
            'date' => 'datetime DEFAULT \'0000-00-00 00:00:00\' NOT NULL',
            'status' => 'tinyint NOT NULL default 1',
          ),
          'key' => 
          array (
            'PRIMARY KEY' => 'id_job',
            'KEY date' => 'date',
            'KEY status' => 'status',
          ),
        ),
      ),
    ),
  ),
  11 => 
  array (
    'file' => '/Applications/XAMPP/xamppfiles/htdocs/iste/ecrire/base/trouver_table.php',
    'line' => 73,
    'function' => 'lister_tables_objets_sql',
    'args' => 
    array (
      0 => '::md5',
    ),
  ),
  12 => 
  array (
    'file' => '/Applications/XAMPP/xamppfiles/htdocs/iste/ecrire/base/abstract_sql.php',
    'line' => 1289,
    'function' => 'base_trouver_table_dist',
    'args' => 
    array (
      0 => 'spip_meta',
      1 => '',
    ),
  ),
  13 => 
  array (
    'file' => '/Applications/XAMPP/xamppfiles/htdocs/iste/ecrire/req/mysql.php',
    'line' => 877,
    'function' => 'description_table',
    'args' => 
    array (
      0 => 'spip_meta',
      1 => '',
    ),
  ),
  14 => 
  array (
    'file' => '/Applications/XAMPP/xamppfiles/htdocs/iste/ecrire/base/abstract_sql.php',
    'line' => 494,
    'function' => 'spip_mysql_insertq',
    'args' => 
    array (
      0 => 'spip_meta',
      1 => 
      array (
        'nom' => 'charset',
        'valeur' => 'utf-8',
      ),
      2 => 
      array (
      ),
      3 => '',
      4 => true,
    ),
  ),
  15 => 
  array (
    'file' => '/Applications/XAMPP/xamppfiles/htdocs/iste/ecrire/inc/meta.php',
    'line' => 149,
    'function' => 'sql_insertq',
    'args' => 
    array (
      0 => 'spip_meta',
      1 => 
      array (
        'nom' => 'charset',
        'valeur' => 'utf-8',
      ),
    ),
  ),
  16 => 
  array (
    'file' => '/Applications/XAMPP/xamppfiles/htdocs/iste/ecrire/inc/meta.php',
    'line' => 72,
    'function' => 'ecrire_meta',
    'args' => 
    array (
      0 => 'charset',
      1 => 'utf-8',
      2 => NULL,
      3 => 'meta',
    ),
  ),
  17 => 
  array (
    'file' => '/Applications/XAMPP/xamppfiles/htdocs/iste/ecrire/inc/meta.php',
    'line' => 38,
    'function' => 'lire_metas',
    'args' => 
    array (
      0 => 'meta',
    ),
  ),
  18 => 
  array (
    'file' => '/Applications/XAMPP/xamppfiles/htdocs/iste/ecrire/inc/utils.php',
    'line' => 1645,
    'function' => 'inc_meta_dist',
    'args' => 
    array (
    ),
  ),
  19 => 
  array (
    'file' => '/Applications/XAMPP/xamppfiles/htdocs/iste/ecrire/inc_version.php',
    'line' => 342,
    'function' => 'spip_initialisation_core',
    'args' => 
    array (
      0 => '../config/',
      1 => '../IMG/',
      2 => '../tmp/',
      3 => '../local/',
    ),
  ),
  20 => 
  array (
    'file' => '/Applications/XAMPP/xamppfiles/htdocs/iste/ecrire/index.php',
    'line' => 14,
    'args' => 
    array (
      0 => '/Applications/XAMPP/xamppfiles/htdocs/iste/ecrire/inc_version.php',
    ),
    'function' => 'include',
  ),
)
Apr 08 17:25:19 ::1 (pid 95015) :Pri:CRITIQUE: Re-entrance anormale sur lister_tables_objets_sql :array (
  0 => 
  array (
    'file' => '/Applications/XAMPP/xamppfiles/htdocs/iste/ecrire/base/trouver_table.php',
    'line' => 73,
    'function' => 'lister_tables_objets_sql',
    'args' => 
    array (
      0 => '::md5',
    ),
  ),
  1 => 
  array (
    'file' => '/Applications/XAMPP/xamppfiles/htdocs/iste/ecrire/base/abstract_sql.php',
    'line' => 1289,
    'function' => 'base_trouver_table_dist',
    'args' => 
    array (
      0 => 'spip_jobs',
      1 => '',
    ),
  ),
  2 => 
  array (
    'file' => '/Applications/XAMPP/xamppfiles/htdocs/iste/ecrire/req/mysql.php',
    'line' => 877,
    'function' => 'description_table',
    'args' => 
    array (
      0 => 'spip_jobs',
      1 => '',
    ),
  ),
  3 => 
  array (
    'file' => '/Applications/XAMPP/xamppfiles/htdocs/iste/ecrire/base/abstract_sql.php',
    'line' => 494,
    'function' => 'spip_mysql_insertq',
    'args' => 
    array (
      0 => 'spip_jobs',
      1 => 
      array (
        'fonction' => 'maintenance',
        'descriptif' => 'Tâche CRON maintenance (toutes les 7200 s)',
        'args' => 'a:1:{i:0;d:1428504321;}',
        'md5args' => '2a88115380c18d585191bf43f975dcdd',
        'inclure' => 'genie/',
        'priorite' => 0,
        'date' => '2015-04-08 17:25:19',
        'status' => 1,
      ),
      2 => 
      array (
      ),
      3 => '',
      4 => true,
    ),
  ),
  4 => 
  array (
    'file' => '/Applications/XAMPP/xamppfiles/htdocs/iste/ecrire/inc/queue.php',
    'line' => 92,
    'function' => 'sql_insertq',
    'args' => 
    array (
      0 => 'spip_jobs',
      1 => 
      array (
        'fonction' => 'maintenance',
        'descriptif' => 'Tâche CRON maintenance (toutes les 7200 s)',
        'args' => 'a:1:{i:0;d:1428504321;}',
        'md5args' => '2a88115380c18d585191bf43f975dcdd',
        'inclure' => 'genie/',
        'priorite' => 0,
        'date' => '2015-04-08 17:25:19',
        'status' => 1,
      ),
    ),
  ),
  5 => 
  array (
    'file' => '/Applications/XAMPP/xamppfiles/htdocs/iste/ecrire/inc/genie.php',
    'line' => 184,
    'function' => 'queue_add_job',
    'args' => 
    array (
      0 => 'maintenance',
      1 => 'Tâche CRON maintenance (toutes les 7200 s)',
      2 => 
      array (
        0 => 1428504321,
      ),
      3 => 'genie/',
      4 => 'function_only',
      5 => 0,
      6 => 0,
    ),
  ),
  6 => 
  array (
    'file' => '/Applications/XAMPP/xamppfiles/htdocs/iste/ecrire/inc/genie.php',
    'line' => 145,
    'function' => 'queue_genie_replan_job',
    'args' => 
    array (
      0 => 'maintenance',
      1 => 7200,
      2 => 1428504321,
      3 => 0,
    ),
  ),
  7 => 
  array (
    'file' => '/Applications/XAMPP/xamppfiles/htdocs/iste/ecrire/inc/plugin.php',
    'line' => 523,
    'function' => 'genie_queue_watch_dist',
    'args' => 
    array (
    ),
  ),
  8 => 
  array (
    'file' => '/Applications/XAMPP/xamppfiles/htdocs/iste/ecrire/inc/plugin.php',
    'line' => 430,
    'function' => 'ecrire_plugin_actifs',
    'args' => 
    array (
      0 => '',
      1 => false,
      2 => 'force',
    ),
  ),
  9 => 
  array (
    'file' => '/Applications/XAMPP/xamppfiles/htdocs/iste/ecrire/inc/utils.php',
    'line' => 139,
    'function' => 'actualise_plugins_actifs',
    'args' => 
    array (
    ),
  ),
  10 => 
  array (
    'file' => '/Applications/XAMPP/xamppfiles/htdocs/iste/ecrire/base/objets.php',
    'line' => 332,
    'function' => 'pipeline',
    'args' => 
    array (
      0 => 'declarer_tables_principales',
      1 => 
      array (
        'spip_jobs' => 
        array (
          'field' => 
          array (
            'id_job' => 'bigint(21) NOT NULL',
            'descriptif' => 'text DEFAULT \'\' NOT NULL',
            'fonction' => 'varchar(255) NOT NULL',
            'args' => 'longblob DEFAULT \'\' NOT NULL',
            'md5args' => 'char(32) NOT NULL default \'\'',
            'inclure' => 'varchar(255) NOT NULL',
            'priorite' => 'smallint(6) NOT NULL default 0',
            'date' => 'datetime DEFAULT \'0000-00-00 00:00:00\' NOT NULL',
            'status' => 'tinyint NOT NULL default 1',
          ),
          'key' => 
          array (
            'PRIMARY KEY' => 'id_job',
            'KEY date' => 'date',
            'KEY status' => 'status',
          ),
        ),
      ),
    ),
  ),
  11 => 
  array (
    'file' => '/Applications/XAMPP/xamppfiles/htdocs/iste/ecrire/base/trouver_table.php',
    'line' => 73,
    'function' => 'lister_tables_objets_sql',
    'args' => 
    array (
      0 => '::md5',
    ),
  ),
  12 => 
  array (
    'file' => '/Applications/XAMPP/xamppfiles/htdocs/iste/ecrire/base/abstract_sql.php',
    'line' => 1289,
    'function' => 'base_trouver_table_dist',
    'args' => 
    array (
      0 => 'spip_meta',
      1 => '',
    ),
  ),
  13 => 
  array (
    'file' => '/Applications/XAMPP/xamppfiles/htdocs/iste/ecrire/req/mysql.php',
    'line' => 877,
    'function' => 'description_table',
    'args' => 
    array (
      0 => 'spip_meta',
      1 => '',
    ),
  ),
  14 => 
  array (
    'file' => '/Applications/XAMPP/xamppfiles/htdocs/iste/ecrire/base/abstract_sql.php',
    'line' => 494,
    'function' => 'spip_mysql_insertq',
    'args' => 
    array (
      0 => 'spip_meta',
      1 => 
      array (
        'nom' => 'charset',
        'valeur' => 'utf-8',
      ),
      2 => 
      array (
      ),
      3 => '',
      4 => true,
    ),
  ),
  15 => 
  array (
    'file' => '/Applications/XAMPP/xamppfiles/htdocs/iste/ecrire/inc/meta.php',
    'line' => 149,
    'function' => 'sql_insertq',
    'args' => 
    array (
      0 => 'spip_meta',
      1 => 
      array (
        'nom' => 'charset',
        'valeur' => 'utf-8',
      ),
    ),
  ),
  16 => 
  array (
    'file' => '/Applications/XAMPP/xamppfiles/htdocs/iste/ecrire/inc/meta.php',
    'line' => 72,
    'function' => 'ecrire_meta',
    'args' => 
    array (
      0 => 'charset',
      1 => 'utf-8',
      2 => NULL,
      3 => 'meta',
    ),
  ),
  17 => 
  array (
    'file' => '/Applications/XAMPP/xamppfiles/htdocs/iste/ecrire/inc/meta.php',
    'line' => 38,
    'function' => 'lire_metas',
    'args' => 
    array (
      0 => 'meta',
    ),
  ),
  18 => 
  array (
    'file' => '/Applications/XAMPP/xamppfiles/htdocs/iste/ecrire/inc/utils.php',
    'line' => 1645,
    'function' => 'inc_meta_dist',
    'args' => 
    array (
    ),
  ),
  19 => 
  array (
    'file' => '/Applications/XAMPP/xamppfiles/htdocs/iste/ecrire/inc_version.php',
    'line' => 342,
    'function' => 'spip_initialisation_core',
    'args' => 
    array (
      0 => '../config/',
      1 => '../IMG/',
      2 => '../tmp/',
      3 => '../local/',
    ),
  ),
  20 => 
  array (
    'file' => '/Applications/XAMPP/xamppfiles/htdocs/iste/ecrire/index.php',
    'line' => 14,
    'args' => 
    array (
      0 => '/Applications/XAMPP/xamppfiles/htdocs/iste/ecrire/inc_version.php',
    ),
    'function' => 'include',
  ),
)
Apr 08 17:25:19 ::1 (pid 95015) :Pri:CRITIQUE: Re-entrance anormale sur lister_tables_objets_sql :array (
  0 => 
  array (
    'file' => '/Applications/XAMPP/xamppfiles/htdocs/iste/ecrire/base/trouver_table.php',
    'line' => 73,
    'function' => 'lister_tables_objets_sql',
    'args' => 
    array (
      0 => '::md5',
    ),
  ),
  1 => 
  array (
    'file' => '/Applications/XAMPP/xamppfiles/htdocs/iste/ecrire/base/abstract_sql.php',
    'line' => 1289,
    'function' => 'base_trouver_table_dist',
    'args' => 
    array (
      0 => 'spip_jobs',
      1 => '',
    ),
  ),
  2 => 
  array (
    'file' => '/Applications/XAMPP/xamppfiles/htdocs/iste/ecrire/req/mysql.php',
    'line' => 877,
    'function' => 'description_table',
    'args' => 
    array (
      0 => 'spip_jobs',
      1 => '',
    ),
  ),
  3 => 
  array (
    'file' => '/Applications/XAMPP/xamppfiles/htdocs/iste/ecrire/base/abstract_sql.php',
    'line' => 494,
    'function' => 'spip_mysql_insertq',
    'args' => 
    array (
      0 => 'spip_jobs',
      1 => 
      array (
        'fonction' => 'mise_a_jour',
        'descriptif' => 'Tâche CRON mise_a_jour (toutes les 259200 s)',
        'args' => 'a:1:{i:0;d:1428321304;}',
        'md5args' => 'eb8b8304564e51b32c0ce91af8d8eb0b',
        'inclure' => 'genie/',
        'priorite' => 0,
        'date' => '2015-04-08 17:25:19',
        'status' => 1,
      ),
      2 => 
      array (
      ),
      3 => '',
      4 => true,
    ),
  ),
  4 => 
  array (
    'file' => '/Applications/XAMPP/xamppfiles/htdocs/iste/ecrire/inc/queue.php',
    'line' => 92,
    'function' => 'sql_insertq',
    'args' => 
    array (
      0 => 'spip_jobs',
      1 => 
      array (
        'fonction' => 'mise_a_jour',
        'descriptif' => 'Tâche CRON mise_a_jour (toutes les 259200 s)',
        'args' => 'a:1:{i:0;d:1428321304;}',
        'md5args' => 'eb8b8304564e51b32c0ce91af8d8eb0b',
        'inclure' => 'genie/',
        'priorite' => 0,
        'date' => '2015-04-08 17:25:19',
        'status' => 1,
      ),
    ),
  ),
  5 => 
  array (
    'file' => '/Applications/XAMPP/xamppfiles/htdocs/iste/ecrire/inc/genie.php',
    'line' => 184,
    'function' => 'queue_add_job',
    'args' => 
    array (
      0 => 'mise_a_jour',
      1 => 'Tâche CRON mise_a_jour (toutes les 259200 s)',
      2 => 
      array (
        0 => 1428321304,
      ),
      3 => 'genie/',
      4 => 'function_only',
      5 => 0,
      6 => 0,
    ),
  ),
  6 => 
  array (
    'file' => '/Applications/XAMPP/xamppfiles/htdocs/iste/ecrire/inc/genie.php',
    'line' => 145,
    'function' => 'queue_genie_replan_job',
    'args' => 
    array (
      0 => 'mise_a_jour',
      1 => 259200,
      2 => 1428321304,
      3 => 0,
    ),
  ),
  7 => 
  array (
    'file' => '/Applications/XAMPP/xamppfiles/htdocs/iste/ecrire/inc/plugin.php',
    'line' => 523,
    'function' => 'genie_queue_watch_dist',
    'args' => 
    array (
    ),
  ),
  8 => 
  array (
    'file' => '/Applications/XAMPP/xamppfiles/htdocs/iste/ecrire/inc/plugin.php',
    'line' => 430,
    'function' => 'ecrire_plugin_actifs',
    'args' => 
    array (
      0 => '',
      1 => false,
      2 => 'force',
    ),
  ),
  9 => 
  array (
    'file' => '/Applications/XAMPP/xamppfiles/htdocs/iste/ecrire/inc/utils.php',
    'line' => 139,
    'function' => 'actualise_plugins_actifs',
    'args' => 
    array (
    ),
  ),
  10 => 
  array (
    'file' => '/Applications/XAMPP/xamppfiles/htdocs/iste/ecrire/base/objets.php',
    'line' => 332,
    'function' => 'pipeline',
    'args' => 
    array (
      0 => 'declarer_tables_principales',
      1 => 
      array (
        'spip_jobs' => 
        array (
          'field' => 
          array (
            'id_job' => 'bigint(21) NOT NULL',
            'descriptif' => 'text DEFAULT \'\' NOT NULL',
            'fonction' => 'varchar(255) NOT NULL',
            'args' => 'longblob DEFAULT \'\' NOT NULL',
            'md5args' => 'char(32) NOT NULL default \'\'',
            'inclure' => 'varchar(255) NOT NULL',
            'priorite' => 'smallint(6) NOT NULL default 0',
            'date' => 'datetime DEFAULT \'0000-00-00 00:00:00\' NOT NULL',
            'status' => 'tinyint NOT NULL default 1',
          ),
          'key' => 
          array (
            'PRIMARY KEY' => 'id_job',
            'KEY date' => 'date',
            'KEY status' => 'status',
          ),
        ),
      ),
    ),
  ),
  11 => 
  array (
    'file' => '/Applications/XAMPP/xamppfiles/htdocs/iste/ecrire/base/trouver_table.php',
    'line' => 73,
    'function' => 'lister_tables_objets_sql',
    'args' => 
    array (
      0 => '::md5',
    ),
  ),
  12 => 
  array (
    'file' => '/Applications/XAMPP/xamppfiles/htdocs/iste/ecrire/base/abstract_sql.php',
    'line' => 1289,
    'function' => 'base_trouver_table_dist',
    'args' => 
    array (
      0 => 'spip_meta',
      1 => '',
    ),
  ),
  13 => 
  array (
    'file' => '/Applications/XAMPP/xamppfiles/htdocs/iste/ecrire/req/mysql.php',
    'line' => 877,
    'function' => 'description_table',
    'args' => 
    array (
      0 => 'spip_meta',
      1 => '',
    ),
  ),
  14 => 
  array (
    'file' => '/Applications/XAMPP/xamppfiles/htdocs/iste/ecrire/base/abstract_sql.php',
    'line' => 494,
    'function' => 'spip_mysql_insertq',
    'args' => 
    array (
      0 => 'spip_meta',
      1 => 
      array (
        'nom' => 'charset',
        'valeur' => 'utf-8',
      ),
      2 => 
      array (
      ),
      3 => '',
      4 => true,
    ),
  ),
  15 => 
  array (
    'file' => '/Applications/XAMPP/xamppfiles/htdocs/iste/ecrire/inc/meta.php',
    'line' => 149,
    'function' => 'sql_insertq',
    'args' => 
    array (
      0 => 'spip_meta',
      1 => 
      array (
        'nom' => 'charset',
        'valeur' => 'utf-8',
      ),
    ),
  ),
  16 => 
  array (
    'file' => '/Applications/XAMPP/xamppfiles/htdocs/iste/ecrire/inc/meta.php',
    'line' => 72,
    'function' => 'ecrire_meta',
    'args' => 
    array (
      0 => 'charset',
      1 => 'utf-8',
      2 => NULL,
      3 => 'meta',
    ),
  ),
  17 => 
  array (
    'file' => '/Applications/XAMPP/xamppfiles/htdocs/iste/ecrire/inc/meta.php',
    'line' => 38,
    'function' => 'lire_metas',
    'args' => 
    array (
      0 => 'meta',
    ),
  ),
  18 => 
  array (
    'file' => '/Applications/XAMPP/xamppfiles/htdocs/iste/ecrire/inc/utils.php',
    'line' => 1645,
    'function' => 'inc_meta_dist',
    'args' => 
    array (
    ),
  ),
  19 => 
  array (
    'file' => '/Applications/XAMPP/xamppfiles/htdocs/iste/ecrire/inc_version.php',
    'line' => 342,
    'function' => 'spip_initialisation_core',
    'args' => 
    array (
      0 => '../config/',
      1 => '../IMG/',
      2 => '../tmp/',
      3 => '../local/',
    ),
  ),
  20 => 
  array (
    'file' => '/Applications/XAMPP/xamppfiles/htdocs/iste/ecrire/index.php',
    'line' => 14,
    'args' => 
    array (
      0 => '/Applications/XAMPP/xamppfiles/htdocs/iste/ecrire/inc_version.php',
    ),
    'function' => 'include',
  ),
)
Apr 08 17:25:20 ::1 (pid 95015) :Pri:ERREUR: Erreur mysql 1146
Apr 08 17:25:20 ::1 (pid 95015) :Pri:ERREUR: Table 'iste.spip_forum' doesn't exist - SHOW CREATE TABLE `spip_forum`
Apr 08 17:25:20 ::1 (pid 95015) :Pri:ERREUR: Erreur mysql 1146
Apr 08 17:25:20 ::1 (pid 95015) :Pri:ERREUR: Table 'iste.spip_mots' doesn't exist - SHOW CREATE TABLE `spip_mots`
Apr 08 17:25:20 ::1 (pid 95015) :Pri:ERREUR: Erreur mysql 1146
Apr 08 17:25:20 ::1 (pid 95015) :Pri:ERREUR: Table 'iste.spip_groupes_mots' doesn't exist - SHOW CREATE TABLE `spip_groupes_mots`
Apr 08 17:25:20 ::1 (pid 95015) :Pri:ERREUR: Erreur mysql 1146
Apr 08 17:25:20 ::1 (pid 95015) :Pri:ERREUR: Table 'iste.spip_messages' doesn't exist - SHOW CREATE TABLE `spip_messages`
Apr 08 17:25:20 ::1 (pid 95015) :Pri:ERREUR: Erreur mysql 1146
Apr 08 17:25:20 ::1 (pid 95015) :Pri:ERREUR: Table 'iste.spip_petitions' doesn't exist - SHOW CREATE TABLE `spip_petitions`
Apr 08 17:25:20 ::1 (pid 95015) :Pri:ERREUR: Erreur mysql 1146
Apr 08 17:25:20 ::1 (pid 95015) :Pri:ERREUR: Table 'iste.spip_signatures' doesn't exist - SHOW CREATE TABLE `spip_signatures`
Apr 08 17:25:20 ::1 (pid 95015) :Pri:ERREUR: Erreur mysql 1146
Apr 08 17:25:20 ::1 (pid 95015) :Pri:ERREUR: Table 'iste.spip_syndic' doesn't exist - SHOW CREATE TABLE `spip_syndic`
Apr 08 17:25:20 ::1 (pid 95015) :Pri:ERREUR: Erreur mysql 1146
Apr 08 17:25:20 ::1 (pid 95015) :Pri:ERREUR: Table 'iste.spip_syndic_articles' doesn't exist - SHOW CREATE TABLE `spip_syndic_articles`
Apr 08 17:25:20 ::1 (pid 95015) :Pri:ERREUR: Erreur mysql 1146
Apr 08 17:25:20 ::1 (pid 95015) :Pri:ERREUR: Table 'iste.spip_depots' doesn't exist - SHOW CREATE TABLE `spip_depots`
Apr 08 17:25:20 ::1 (pid 95015) :Pri:ERREUR: Erreur mysql 1146
Apr 08 17:25:20 ::1 (pid 95015) :Pri:ERREUR: Table 'iste.spip_plugins' doesn't exist - SHOW CREATE TABLE `spip_plugins`
Apr 08 17:25:20 ::1 (pid 95015) :Pri:ERREUR: Erreur mysql 1146
Apr 08 17:25:20 ::1 (pid 95015) :Pri:ERREUR: Table 'iste.spip_paquets' doesn't exist - SHOW CREATE TABLE `spip_paquets`
Apr 08 17:25:20 ::1 (pid 95015) :Pri:ERREUR: Erreur mysql 1146
Apr 08 17:25:20 ::1 (pid 95015) :Pri:ERREUR: Table 'iste.spip_breves' doesn't exist - SHOW CREATE TABLE `spip_breves`
Apr 08 17:25:20 ::1 (pid 95015) :Pri:ERREUR: Erreur mysql 1146
Apr 08 17:25:20 ::1 (pid 95015) :Pri:ERREUR: Table 'iste.spip_documents' doesn't exist - SHOW CREATE TABLE `spip_documents`
Apr 08 17:25:20 ::1 (pid 95015) :Pri:cf maj.log
Apr 08 17:25:20 ::1 (pid 95015) :Pri:cf maj.log
Apr 08 17:25:20 ::1 (pid 95015) :Pri:cf maj.log
Apr 08 17:25:20 ::1 (pid 95015) :Pri:cf maj.log
Apr 08 17:25:20 ::1 (pid 95015) :Pri:ERREUR: Erreur mysql 1146
Apr 08 17:25:20 ::1 (pid 95015) :Pri:ERREUR: Table 'iste.spip_forum' doesn't exist - SHOW CREATE TABLE `spip_forum`
Apr 08 17:25:20 ::1 (pid 95015) :Pri:ERREUR: Erreur mysql 1146
Apr 08 17:25:20 ::1 (pid 95015) :Pri:ERREUR: Table 'iste.spip_mots' doesn't exist - SHOW CREATE TABLE `spip_mots`
Apr 08 17:25:20 ::1 (pid 95015) :Pri:ERREUR: Erreur mysql 1146
Apr 08 17:25:20 ::1 (pid 95015) :Pri:ERREUR: Table 'iste.spip_groupes_mots' doesn't exist - SHOW CREATE TABLE `spip_groupes_mots`
Apr 08 17:25:20 ::1 (pid 95015) :Pri:ERREUR: Erreur mysql 1146
Apr 08 17:25:20 ::1 (pid 95015) :Pri:ERREUR: Table 'iste.spip_messages' doesn't exist - SHOW CREATE TABLE `spip_messages`
Apr 08 17:25:20 ::1 (pid 95015) :Pri:ERREUR: Erreur mysql 1146
Apr 08 17:25:20 ::1 (pid 95015) :Pri:ERREUR: Table 'iste.spip_petitions' doesn't exist - SHOW CREATE TABLE `spip_petitions`
Apr 08 17:25:20 ::1 (pid 95015) :Pri:ERREUR: Erreur mysql 1146
Apr 08 17:25:20 ::1 (pid 95015) :Pri:ERREUR: Table 'iste.spip_signatures' doesn't exist - SHOW CREATE TABLE `spip_signatures`
Apr 08 17:25:20 ::1 (pid 95015) :Pri:ERREUR: Erreur mysql 1146
Apr 08 17:25:20 ::1 (pid 95015) :Pri:ERREUR: Table 'iste.spip_syndic' doesn't exist - SHOW CREATE TABLE `spip_syndic`
Apr 08 17:25:20 ::1 (pid 95015) :Pri:ERREUR: Erreur mysql 1146
Apr 08 17:25:20 ::1 (pid 95015) :Pri:ERREUR: Table 'iste.spip_syndic_articles' doesn't exist - SHOW CREATE TABLE `spip_syndic_articles`
Apr 08 17:25:20 ::1 (pid 95015) :Pri:ERREUR: Erreur mysql 1146
Apr 08 17:25:20 ::1 (pid 95015) :Pri:ERREUR: Table 'iste.spip_depots' doesn't exist - SHOW CREATE TABLE `spip_depots`
Apr 08 17:25:20 ::1 (pid 95015) :Pri:ERREUR: Erreur mysql 1146
Apr 08 17:25:20 ::1 (pid 95015) :Pri:ERREUR: Table 'iste.spip_plugins' doesn't exist - SHOW CREATE TABLE `spip_plugins`
Apr 08 17:25:20 ::1 (pid 95015) :Pri:ERREUR: Erreur mysql 1146
Apr 08 17:25:20 ::1 (pid 95015) :Pri:ERREUR: Table 'iste.spip_paquets' doesn't exist - SHOW CREATE TABLE `spip_paquets`
Apr 08 17:25:20 ::1 (pid 95015) :Pri:ERREUR: Erreur mysql 1146
Apr 08 17:25:20 ::1 (pid 95015) :Pri:ERREUR: Table 'iste.spip_breves' doesn't exist - SHOW CREATE TABLE `spip_breves`
Apr 08 17:25:20 ::1 (pid 95015) :Pri:ERREUR: Erreur mysql 1146
Apr 08 17:25:20 ::1 (pid 95015) :Pri:ERREUR: Table 'iste.spip_documents' doesn't exist - SHOW CREATE TABLE `spip_documents`
Apr 08 17:25:20 ::1 (pid 95015) :Pri:cf maj.log
Apr 08 17:25:20 ::1 (pid 95015) :Pri:cf maj.log
Apr 08 17:25:20 ::1 (pid 95015) :Pri:cf maj.log
Apr 08 17:25:20 ::1 (pid 95015) :Pri:ERREUR: Erreur mysql 1146
Apr 08 17:25:20 ::1 (pid 95015) :Pri:ERREUR: Table 'iste.spip_forum' doesn't exist - SHOW CREATE TABLE `spip_forum`
Apr 08 17:25:20 ::1 (pid 95015) :Pri:cf maj.log
Apr 08 17:25:20 ::1 (pid 95015) :Pri:ERREUR: Erreur mysql 1146
Apr 08 17:25:20 ::1 (pid 95015) :Pri:ERREUR: Table 'iste.spip_forum' doesn't exist - SHOW CREATE TABLE `spip_forum`
Apr 08 17:25:20 ::1 (pid 95015) :Pri:cf maj.log
Apr 08 17:25:20 ::1 (pid 95015) :Pri:cf maj.log
Apr 08 17:25:20 ::1 (pid 95015) :Pri:cf maj.log
Apr 08 17:25:20 ::1 (pid 95015) :Pri:ERREUR: Erreur mysql 1146
Apr 08 17:25:20 ::1 (pid 95015) :Pri:ERREUR: Table 'iste.spip_mots' doesn't exist - SHOW CREATE TABLE `spip_mots`
Apr 08 17:25:20 ::1 (pid 95015) :Pri:ERREUR: Erreur mysql 1146
Apr 08 17:25:20 ::1 (pid 95015) :Pri:ERREUR: Table 'iste.spip_groupes_mots' doesn't exist - SHOW CREATE TABLE `spip_groupes_mots`
Apr 08 17:25:20 ::1 (pid 95015) :Pri:ERREUR: Erreur mysql 1146
Apr 08 17:25:20 ::1 (pid 95015) :Pri:ERREUR: Table 'iste.spip_messages' doesn't exist - SHOW CREATE TABLE `spip_messages`
Apr 08 17:25:20 ::1 (pid 95015) :Pri:ERREUR: Erreur mysql 1146
Apr 08 17:25:20 ::1 (pid 95015) :Pri:ERREUR: Table 'iste.spip_petitions' doesn't exist - SHOW CREATE TABLE `spip_petitions`
Apr 08 17:25:20 ::1 (pid 95015) :Pri:ERREUR: Erreur mysql 1146
Apr 08 17:25:20 ::1 (pid 95015) :Pri:ERREUR: Table 'iste.spip_signatures' doesn't exist - SHOW CREATE TABLE `spip_signatures`
Apr 08 17:25:20 ::1 (pid 95015) :Pri:ERREUR: Erreur mysql 1146
Apr 08 17:25:20 ::1 (pid 95015) :Pri:ERREUR: Table 'iste.spip_syndic' doesn't exist - SHOW CREATE TABLE `spip_syndic`
Apr 08 17:25:20 ::1 (pid 95015) :Pri:ERREUR: Erreur mysql 1146
Apr 08 17:25:20 ::1 (pid 95015) :Pri:ERREUR: Table 'iste.spip_syndic_articles' doesn't exist - SHOW CREATE TABLE `spip_syndic_articles`
Apr 08 17:25:20 ::1 (pid 95015) :Pri:ERREUR: Erreur mysql 1146
Apr 08 17:25:20 ::1 (pid 95015) :Pri:ERREUR: Table 'iste.spip_depots' doesn't exist - SHOW CREATE TABLE `spip_depots`
Apr 08 17:25:20 ::1 (pid 95015) :Pri:ERREUR: Erreur mysql 1146
Apr 08 17:25:20 ::1 (pid 95015) :Pri:ERREUR: Table 'iste.spip_plugins' doesn't exist - SHOW CREATE TABLE `spip_plugins`
Apr 08 17:25:20 ::1 (pid 95015) :Pri:ERREUR: Erreur mysql 1146
Apr 08 17:25:20 ::1 (pid 95015) :Pri:ERREUR: Table 'iste.spip_paquets' doesn't exist - SHOW CREATE TABLE `spip_paquets`
Apr 08 17:25:20 ::1 (pid 95015) :Pri:ERREUR: Erreur mysql 1146
Apr 08 17:25:20 ::1 (pid 95015) :Pri:ERREUR: Table 'iste.spip_breves' doesn't exist - SHOW CREATE TABLE `spip_breves`
Apr 08 17:25:20 ::1 (pid 95015) :Pri:ERREUR: Erreur mysql 1146
Apr 08 17:25:20 ::1 (pid 95015) :Pri:ERREUR: Table 'iste.spip_documents' doesn't exist - SHOW CREATE TABLE `spip_documents`
Apr 08 17:25:20 ::1 (pid 95015) :Pri:cf maj.log
Apr 08 17:25:20 ::1 (pid 95015) :Pri:cf maj.log
Apr 08 17:25:20 ::1 (pid 95015) :Pri:cf maj.log
Apr 08 17:25:20 ::1 (pid 95015) :Pri:ERREUR: Erreur mysql 1146
Apr 08 17:25:20 ::1 (pid 95015) :Pri:ERREUR: Table 'iste.spip_mots' doesn't exist - SHOW CREATE TABLE `spip_mots`
Apr 08 17:25:20 ::1 (pid 95015) :Pri:cf maj.log
Apr 08 17:25:20 ::1 (pid 95015) :Pri:ERREUR: Erreur mysql 1146
Apr 08 17:25:20 ::1 (pid 95015) :Pri:ERREUR: Table 'iste.spip_mots' doesn't exist - SHOW CREATE TABLE `spip_mots`
Apr 08 17:25:20 ::1 (pid 95015) :Pri:ERREUR: Erreur mysql 1146
Apr 08 17:25:20 ::1 (pid 95015) :Pri:ERREUR: Table 'iste.spip_groupes_mots' doesn't exist - SHOW CREATE TABLE `spip_groupes_mots`
Apr 08 17:25:20 ::1 (pid 95015) :Pri:ERREUR: Erreur mysql 1146
Apr 08 17:25:20 ::1 (pid 95015) :Pri:ERREUR: Table 'iste.spip_mots_liens' doesn't exist - SHOW CREATE TABLE `spip_mots_liens`
Apr 08 17:25:20 ::1 (pid 95015) :Pri:cf maj.log
Apr 08 17:25:20 ::1 (pid 95015) :Pri:cf maj.log
Apr 08 17:25:20 ::1 (pid 95015) :Pri:cf maj.log
Apr 08 17:25:20 ::1 (pid 95015) :Pri:ERREUR: Erreur mysql 1146
Apr 08 17:25:20 ::1 (pid 95015) :Pri:ERREUR: Table 'iste.spip_messages' doesn't exist - SHOW CREATE TABLE `spip_messages`
Apr 08 17:25:20 ::1 (pid 95015) :Pri:ERREUR: Erreur mysql 1146
Apr 08 17:25:20 ::1 (pid 95015) :Pri:ERREUR: Table 'iste.spip_petitions' doesn't exist - SHOW CREATE TABLE `spip_petitions`
Apr 08 17:25:20 ::1 (pid 95015) :Pri:ERREUR: Erreur mysql 1146
Apr 08 17:25:20 ::1 (pid 95015) :Pri:ERREUR: Table 'iste.spip_signatures' doesn't exist - SHOW CREATE TABLE `spip_signatures`
Apr 08 17:25:20 ::1 (pid 95015) :Pri:ERREUR: Erreur mysql 1146
Apr 08 17:25:20 ::1 (pid 95015) :Pri:ERREUR: Table 'iste.spip_syndic' doesn't exist - SHOW CREATE TABLE `spip_syndic`
Apr 08 17:25:20 ::1 (pid 95015) :Pri:ERREUR: Erreur mysql 1146
Apr 08 17:25:20 ::1 (pid 95015) :Pri:ERREUR: Table 'iste.spip_syndic_articles' doesn't exist - SHOW CREATE TABLE `spip_syndic_articles`
Apr 08 17:25:20 ::1 (pid 95015) :Pri:ERREUR: Erreur mysql 1146
Apr 08 17:25:20 ::1 (pid 95015) :Pri:ERREUR: Table 'iste.spip_depots' doesn't exist - SHOW CREATE TABLE `spip_depots`
Apr 08 17:25:20 ::1 (pid 95015) :Pri:ERREUR: Erreur mysql 1146
Apr 08 17:25:20 ::1 (pid 95015) :Pri:ERREUR: Table 'iste.spip_plugins' doesn't exist - SHOW CREATE TABLE `spip_plugins`
Apr 08 17:25:20 ::1 (pid 95015) :Pri:ERREUR: Erreur mysql 1146
Apr 08 17:25:20 ::1 (pid 95015) :Pri:ERREUR: Table 'iste.spip_paquets' doesn't exist - SHOW CREATE TABLE `spip_paquets`
Apr 08 17:25:20 ::1 (pid 95015) :Pri:ERREUR: Erreur mysql 1146
Apr 08 17:25:20 ::1 (pid 95015) :Pri:ERREUR: Table 'iste.spip_breves' doesn't exist - SHOW CREATE TABLE `spip_breves`
Apr 08 17:25:20 ::1 (pid 95015) :Pri:ERREUR: Erreur mysql 1146
Apr 08 17:25:20 ::1 (pid 95015) :Pri:ERREUR: Table 'iste.spip_documents' doesn't exist - SHOW CREATE TABLE `spip_documents`
Apr 08 17:25:20 ::1 (pid 95015) :Pri:cf maj.log
